<?xml version="1.0" encoding="UTF-8"?>
<coverage generated="1671603677719" clover="3.2.0">
  <project timestamp="1671603677719" name="All files">
    <metrics statements="493" coveredstatements="266" conditionals="259" coveredconditionals="90" methods="85" coveredmethods="39" elements="837" coveredelements="395" complexity="0" loc="493" ncloc="493" packages="3" files="5" classes="5"/>
    <package name="Program Files.JetBrains.IntelliJ IDEA 2021.3.plugins.JavaScriptLanguage.helpers.base-test-reporter">
      <metrics statements="352" coveredstatements="218" conditionals="164" coveredconditionals="62" methods="61" coveredmethods="34"/>
      <file name="intellij-stringifier.js" path="C:\Program Files\JetBrains\IntelliJ IDEA 2021.3\plugins\JavaScriptLanguage\helpers\base-test-reporter\intellij-stringifier.js">
        <metrics statements="45" coveredstatements="2" conditionals="29" coveredconditionals="0" methods="9" coveredmethods="0"/>
        <line num="1" count="1" type="stmt"/>
        <line num="8" count="0" type="stmt"/>
        <line num="9" count="0" type="cond" truecount="0" falsecount="2"/>
        <line num="10" count="0" type="stmt"/>
        <line num="12" count="0" type="stmt"/>
        <line num="20" count="0" type="cond" truecount="0" falsecount="2"/>
        <line num="21" count="0" type="stmt"/>
        <line num="23" count="0" type="stmt"/>
        <line num="24" count="0" type="cond" truecount="0" falsecount="2"/>
        <line num="25" count="0" type="stmt"/>
        <line num="27" count="0" type="cond" truecount="0" falsecount="2"/>
        <line num="28" count="0" type="stmt"/>
        <line num="31" count="0" type="stmt"/>
        <line num="32" count="0" type="cond" truecount="0" falsecount="2"/>
        <line num="34" count="0" type="cond" truecount="0" falsecount="2"/>
        <line num="35" count="0" type="stmt"/>
        <line num="37" count="0" type="stmt"/>
        <line num="39" count="0" type="stmt"/>
        <line num="41" count="0" type="cond" truecount="0" falsecount="2"/>
        <line num="42" count="0" type="stmt"/>
        <line num="44" count="0" type="stmt"/>
        <line num="48" count="0" type="stmt"/>
        <line num="52" count="0" type="stmt"/>
        <line num="53" count="0" type="stmt"/>
        <line num="54" count="0" type="cond" truecount="0" falsecount="2"/>
        <line num="55" count="0" type="stmt"/>
        <line num="57" count="0" type="cond" truecount="0" falsecount="5"/>
        <line num="58" count="0" type="stmt"/>
        <line num="60" count="0" type="cond" truecount="0" falsecount="2"/>
        <line num="61" count="0" type="stmt"/>
        <line num="64" count="0" type="cond" truecount="0" falsecount="2"/>
        <line num="65" count="0" type="stmt"/>
        <line num="67" count="0" type="stmt"/>
        <line num="69" count="0" type="cond" truecount="0" falsecount="2"/>
        <line num="70" count="0" type="stmt"/>
        <line num="71" count="0" type="stmt"/>
        <line num="75" count="0" type="cond" truecount="0" falsecount="2"/>
        <line num="76" count="0" type="stmt"/>
        <line num="77" count="0" type="stmt"/>
        <line num="78" count="0" type="stmt"/>
        <line num="79" count="0" type="stmt"/>
        <line num="80" count="0" type="stmt"/>
        <line num="82" count="0" type="stmt"/>
        <line num="85" count="0" type="stmt"/>
        <line num="89" count="1" type="stmt"/>
      </file>
      <file name="intellij-tree.js" path="C:\Program Files\JetBrains\IntelliJ IDEA 2021.3\plugins\JavaScriptLanguage\helpers\base-test-reporter\intellij-tree.js">
        <metrics statements="281" coveredstatements="192" conditionals="123" coveredconditionals="52" methods="50" coveredmethods="32"/>
        <line num="1" count="1" type="stmt"/>
        <line num="4" count="2" type="stmt"/>
        <line num="16" count="1" type="stmt"/>
        <line num="21" count="1" type="stmt"/>
        <line num="22" count="38" type="stmt"/>
        <line num="29" count="1" type="cond" truecount="1" falsecount="1"/>
        <line num="34" count="1" type="stmt"/>
        <line num="37" count="1" type="stmt"/>
        <line num="38" count="1" type="stmt"/>
        <line num="41" count="1" type="stmt"/>
        <line num="42" count="0" type="stmt"/>
        <line num="43" count="0" type="cond" truecount="0" falsecount="2"/>
        <line num="44" count="0" type="stmt"/>
        <line num="46" count="0" type="cond" truecount="0" falsecount="2"/>
        <line num="47" count="0" type="stmt"/>
        <line num="49" count="0" type="stmt"/>
        <line num="50" count="0" type="stmt"/>
        <line num="53" count="1" type="stmt"/>
        <line num="54" count="1" type="cond" truecount="3" falsecount="1"/>
        <line num="55" count="1" type="stmt"/>
        <line num="59" count="1" type="stmt"/>
        <line num="60" count="0" type="stmt"/>
        <line num="63" count="1" type="stmt"/>
        <line num="64" count="0" type="stmt"/>
        <line num="67" count="1" type="stmt"/>
        <line num="68" count="0" type="stmt"/>
        <line num="69" count="0" type="stmt"/>
        <line num="70" count="0" type="stmt"/>
        <line num="72" count="0" type="stmt"/>
        <line num="73" count="0" type="stmt"/>
        <line num="93" count="19" type="stmt"/>
        <line num="98" count="19" type="stmt"/>
        <line num="103" count="19" type="stmt"/>
        <line num="108" count="19" type="stmt"/>
        <line num="113" count="19" type="stmt"/>
        <line num="118" count="19" type="stmt"/>
        <line num="123" count="19" type="stmt"/>
        <line num="132" count="4" type="stmt"/>
        <line num="134" count="1" type="stmt"/>
        <line num="135" count="0" type="stmt"/>
        <line num="137" count="1" type="stmt"/>
        <line num="138" count="1" type="stmt"/>
        <line num="139" count="1" type="stmt"/>
        <line num="140" count="1" type="stmt"/>
        <line num="147" count="1" type="stmt"/>
        <line num="148" count="0" type="stmt"/>
        <line num="149" count="0" type="stmt"/>
        <line num="150" count="0" type="stmt"/>
        <line num="157" count="1" type="stmt"/>
        <line num="158" count="0" type="cond" truecount="0" falsecount="2"/>
        <line num="159" count="0" type="stmt"/>
        <line num="161" count="0" type="stmt"/>
        <line num="169" count="1" type="stmt"/>
        <line num="170" count="18" type="stmt"/>
        <line num="171" count="18" type="stmt"/>
        <line num="172" count="18" type="stmt"/>
        <line num="173" count="18" type="stmt"/>
        <line num="174" count="18" type="cond" truecount="1" falsecount="1"/>
        <line num="175" count="18" type="stmt"/>
        <line num="176" count="18" type="stmt"/>
        <line num="177" count="18" type="stmt"/>
        <line num="178" count="18" type="cond" truecount="1" falsecount="1"/>
        <line num="179" count="18" type="stmt"/>
        <line num="180" count="18" type="cond" truecount="1" falsecount="1"/>
        <line num="181" count="18" type="stmt"/>
        <line num="184" count="18" type="cond" truecount="1" falsecount="1"/>
        <line num="185" count="0" type="stmt"/>
        <line num="187" count="18" type="stmt"/>
        <line num="188" count="18" type="stmt"/>
        <line num="198" count="1" type="stmt"/>
        <line num="199" count="18" type="cond" truecount="1" falsecount="1"/>
        <line num="200" count="0" type="stmt"/>
        <line num="202" count="18" type="cond" truecount="1" falsecount="1"/>
        <line num="204" count="0" type="stmt"/>
        <line num="206" count="18" type="stmt"/>
        <line num="207" count="18" type="stmt"/>
        <line num="208" count="18" type="stmt"/>
        <line num="215" count="1" type="stmt"/>
        <line num="216" count="18" type="cond" truecount="1" falsecount="1"/>
        <line num="217" count="18" type="stmt"/>
        <line num="219" count="0" type="cond" truecount="0" falsecount="2"/>
        <line num="220" count="0" type="stmt"/>
        <line num="221" count="0" type="stmt"/>
        <line num="223" count="0" type="stmt"/>
        <line num="231" count="1" type="stmt"/>
        <line num="232" count="0" type="stmt"/>
        <line num="240" count="1" type="stmt"/>
        <line num="241" count="19" type="cond" truecount="2" falsecount="0"/>
        <line num="242" count="1" type="stmt"/>
        <line num="244" count="18" type="cond" truecount="3" falsecount="1"/>
        <line num="245" count="0" type="stmt"/>
        <line num="247" count="18" type="stmt"/>
        <line num="248" count="18" type="stmt"/>
        <line num="249" count="18" type="stmt"/>
        <line num="250" count="18" type="cond" truecount="1" falsecount="1"/>
        <line num="251" count="0" type="stmt"/>
        <line num="252" count="0" type="cond" truecount="0" falsecount="4"/>
        <line num="253" count="0" type="stmt"/>
        <line num="261" count="1" type="stmt"/>
        <line num="262" count="0" type="stmt"/>
        <line num="269" count="1" type="stmt"/>
        <line num="270" count="18" type="stmt"/>
        <line num="271" count="18" type="stmt"/>
        <line num="272" count="18" type="stmt"/>
        <line num="273" count="18" type="cond" truecount="2" falsecount="0"/>
        <line num="274" count="17" type="stmt"/>
        <line num="276" count="18" type="stmt"/>
        <line num="277" count="18" type="stmt"/>
        <line num="285" count="1" type="stmt"/>
        <line num="286" count="0" type="stmt"/>
        <line num="289" count="1" type="stmt"/>
        <line num="290" count="0" type="cond" truecount="0" falsecount="2"/>
        <line num="291" count="0" type="stmt"/>
        <line num="292" count="0" type="stmt"/>
        <line num="294" count="0" type="stmt"/>
        <line num="311" count="2" type="stmt"/>
        <line num="316" count="2" type="stmt"/>
        <line num="321" count="2" type="stmt"/>
        <line num="326" count="2" type="stmt"/>
        <line num="329" count="1" type="stmt"/>
        <line num="336" count="1" type="stmt"/>
        <line num="337" count="0" type="stmt"/>
        <line num="338" count="0" type="cond" truecount="0" falsecount="2"/>
        <line num="340" count="0" type="stmt"/>
        <line num="341" count="0" type="stmt"/>
        <line num="343" count="0" type="cond" truecount="0" falsecount="2"/>
        <line num="345" count="0" type="stmt"/>
        <line num="352" count="18" type="cond" truecount="1" falsecount="1"/>
        <line num="353" count="0" type="stmt"/>
        <line num="355" count="18" type="stmt"/>
        <line num="362" count="18" type="stmt"/>
        <line num="363" count="18" type="stmt"/>
        <line num="364" count="18" type="cond" truecount="1" falsecount="1"/>
        <line num="365" count="0" type="cond" truecount="0" falsecount="2"/>
        <line num="366" count="0" type="stmt"/>
        <line num="367" count="0" type="stmt"/>
        <line num="369" count="0" type="stmt"/>
        <line num="372" count="18" type="stmt"/>
        <line num="380" count="1" type="stmt"/>
        <line num="381" count="1" type="stmt"/>
        <line num="388" count="1" type="stmt"/>
        <line num="389" count="1" type="stmt"/>
        <line num="396" count="1" type="stmt"/>
        <line num="397" count="1" type="stmt"/>
        <line num="407" count="1" type="stmt"/>
        <line num="408" count="17" type="cond" truecount="1" falsecount="1"/>
        <line num="409" count="0" type="stmt"/>
        <line num="411" count="17" type="stmt"/>
        <line num="412" count="17" type="cond" truecount="1" falsecount="1"/>
        <line num="413" count="17" type="stmt"/>
        <line num="415" count="17" type="stmt"/>
        <line num="416" count="17" type="stmt"/>
        <line num="417" count="17" type="stmt"/>
        <line num="418" count="17" type="stmt"/>
        <line num="428" count="1" type="stmt"/>
        <line num="429" count="1" type="cond" truecount="1" falsecount="1"/>
        <line num="430" count="0" type="stmt"/>
        <line num="432" count="1" type="stmt"/>
        <line num="433" count="1" type="cond" truecount="1" falsecount="1"/>
        <line num="434" count="1" type="stmt"/>
        <line num="436" count="1" type="stmt"/>
        <line num="437" count="1" type="stmt"/>
        <line num="438" count="1" type="stmt"/>
        <line num="439" count="1" type="stmt"/>
        <line num="445" count="1" type="stmt"/>
        <line num="446" count="0" type="stmt"/>
        <line num="447" count="0" type="cond" truecount="0" falsecount="2"/>
        <line num="448" count="0" type="cond" truecount="0" falsecount="2"/>
        <line num="449" count="0" type="stmt"/>
        <line num="466" count="17" type="stmt"/>
        <line num="471" count="17" type="stmt"/>
        <line num="476" count="17" type="stmt"/>
        <line num="481" count="17" type="stmt"/>
        <line num="486" count="17" type="stmt"/>
        <line num="491" count="17" type="stmt"/>
        <line num="496" count="17" type="stmt"/>
        <line num="501" count="17" type="stmt"/>
        <line num="506" count="17" type="stmt"/>
        <line num="511" count="17" type="stmt"/>
        <line num="516" count="17" type="stmt"/>
        <line num="519" count="1" type="stmt"/>
        <line num="527" count="4" type="stmt"/>
        <line num="529" count="1" type="stmt"/>
        <line num="530" count="0" type="stmt"/>
        <line num="533" count="1" type="stmt"/>
        <line num="534" count="1" type="stmt"/>
        <line num="535" count="1" type="stmt"/>
        <line num="536" count="1" type="stmt"/>
        <line num="538" count="1" type="stmt"/>
        <line num="551" count="1" type="stmt"/>
        <line num="554" count="17" type="cond" truecount="1" falsecount="1"/>
        <line num="555" count="0" type="stmt"/>
        <line num="557" count="17" type="stmt"/>
        <line num="558" count="17" type="stmt"/>
        <line num="559" count="17" type="stmt"/>
        <line num="560" count="17" type="stmt"/>
        <line num="561" count="17" type="cond" truecount="1" falsecount="1"/>
        <line num="562" count="17" type="cond" truecount="1" falsecount="1"/>
        <line num="563" count="17" type="cond" truecount="1" falsecount="1"/>
        <line num="564" count="17" type="cond" truecount="1" falsecount="1"/>
        <line num="565" count="17" type="cond" truecount="2" falsecount="2"/>
        <line num="566" count="0" type="stmt"/>
        <line num="570" count="1" type="stmt"/>
        <line num="571" count="0" type="stmt"/>
        <line num="574" count="1" type="stmt"/>
        <line num="575" count="0" type="stmt"/>
        <line num="582" count="1" type="stmt"/>
        <line num="583" count="17" type="stmt"/>
        <line num="590" count="1" type="stmt"/>
        <line num="591" count="17" type="cond" truecount="1" falsecount="4"/>
        <line num="593" count="17" type="stmt"/>
        <line num="595" count="0" type="stmt"/>
        <line num="597" count="0" type="stmt"/>
        <line num="599" count="0" type="stmt"/>
        <line num="601" count="0" type="stmt"/>
        <line num="610" count="1" type="stmt"/>
        <line num="611" count="17" type="stmt"/>
        <line num="612" count="17" type="cond" truecount="1" falsecount="1"/>
        <line num="613" count="17" type="stmt"/>
        <line num="615" count="17" type="cond" truecount="1" falsecount="1"/>
        <line num="616" count="0" type="stmt"/>
        <line num="618" count="17" type="cond" truecount="1" falsecount="1"/>
        <line num="619" count="0" type="stmt"/>
        <line num="621" count="17" type="cond" truecount="1" falsecount="1"/>
        <line num="622" count="0" type="stmt"/>
        <line num="624" count="17" type="cond" truecount="1" falsecount="1"/>
        <line num="625" count="0" type="stmt"/>
        <line num="627" count="17" type="cond" truecount="1" falsecount="1"/>
        <line num="628" count="0" type="stmt"/>
        <line num="630" count="17" type="cond" truecount="1" falsecount="1"/>
        <line num="631" count="0" type="stmt"/>
        <line num="633" count="17" type="cond" truecount="1" falsecount="1"/>
        <line num="634" count="0" type="stmt"/>
        <line num="636" count="17" type="cond" truecount="1" falsecount="1"/>
        <line num="637" count="0" type="stmt"/>
        <line num="639" count="17" type="cond" truecount="1" falsecount="1"/>
        <line num="645" count="1" type="stmt"/>
        <line num="646" count="0" type="cond" truecount="0" falsecount="2"/>
        <line num="647" count="0" type="stmt"/>
        <line num="649" count="0" type="stmt"/>
        <line num="653" count="1" type="stmt"/>
        <line num="654" count="1" type="stmt"/>
        <line num="657" count="9" type="cond" truecount="3" falsecount="1"/>
        <line num="658" count="0" type="stmt"/>
        <line num="660" count="9" type="stmt"/>
        <line num="661" count="9" type="cond" truecount="1" falsecount="1"/>
        <line num="662" count="9" type="stmt"/>
        <line num="665" count="0" type="stmt"/>
        <line num="669" count="1" type="stmt"/>
        <line num="670" count="1" type="stmt"/>
        <line num="671" count="1" type="stmt"/>
        <line num="672" count="1" type="stmt"/>
        <line num="673" count="1" type="stmt"/>
        <line num="674" count="1" type="stmt"/>
        <line num="675" count="1" type="stmt"/>
        <line num="676" count="1" type="stmt"/>
        <line num="677" count="1" type="stmt"/>
        <line num="679" count="1" type="stmt"/>
        <line num="680" count="4525" type="stmt"/>
        <line num="685" count="90" type="stmt"/>
        <line num="686" count="90" type="stmt"/>
        <line num="687" count="4525" type="cond" truecount="1" falsecount="1"/>
        <line num="688" count="0" type="stmt"/>
        <line num="691" count="90" type="stmt"/>
        <line num="695" count="90" type="cond" truecount="1" falsecount="1"/>
        <line num="696" count="0" type="stmt"/>
        <line num="698" count="90" type="stmt"/>
        <line num="699" count="90" type="cond" truecount="1" falsecount="1"/>
        <line num="700" count="90" type="stmt"/>
        <line num="702" count="0" type="stmt"/>
        <line num="703" count="0" type="stmt"/>
        <line num="704" count="0" type="stmt"/>
        <line num="705" count="0" type="stmt"/>
        <line num="706" count="0" type="cond" truecount="0" falsecount="2"/>
        <line num="707" count="0" type="stmt"/>
        <line num="708" count="0" type="stmt"/>
        <line num="711" count="0" type="stmt"/>
        <line num="714" count="0" type="stmt"/>
        <line num="717" count="1" type="stmt"/>
        <line num="724" count="188" type="cond" truecount="2" falsecount="0"/>
        <line num="727" count="1" type="stmt"/>
      </file>
      <file name="intellij-util.js" path="C:\Program Files\JetBrains\IntelliJ IDEA 2021.3\plugins\JavaScriptLanguage\helpers\base-test-reporter\intellij-util.js">
        <metrics statements="26" coveredstatements="24" conditionals="12" coveredconditionals="10" methods="2" coveredmethods="2"/>
        <line num="1" count="1" type="stmt"/>
        <line num="8" count="18" type="cond" truecount="2" falsecount="0"/>
        <line num="19" count="18" type="cond" truecount="1" falsecount="1"/>
        <line num="20" count="0" type="stmt"/>
        <line num="22" count="18" type="cond" truecount="1" falsecount="1"/>
        <line num="23" count="0" type="stmt"/>
        <line num="25" count="18" type="stmt"/>
        <line num="26" count="18" type="stmt"/>
        <line num="27" count="18" type="stmt"/>
        <line num="28" count="18" type="stmt"/>
        <line num="29" count="18" type="stmt"/>
        <line num="34" count="18" type="stmt"/>
        <line num="35" count="53" type="cond" truecount="2" falsecount="0"/>
        <line num="36" count="35" type="stmt"/>
        <line num="38" count="53" type="stmt"/>
        <line num="39" count="53" type="stmt"/>
        <line num="40" count="53" type="stmt"/>
        <line num="41" count="53" type="stmt"/>
        <line num="42" count="2323" type="stmt"/>
        <line num="43" count="2323" type="stmt"/>
        <line num="44" count="2323" type="cond" truecount="4" falsecount="0"/>
        <line num="45" count="144" type="stmt"/>
        <line num="47" count="2323" type="stmt"/>
        <line num="50" count="18" type="stmt"/>
        <line num="53" count="1" type="stmt"/>
        <line num="54" count="1" type="stmt"/>
      </file>
    </package>
    <package name="Program Files.JetBrains.IntelliJ IDEA 2021.3.plugins.JavaScriptLanguage.helpers.jest-intellij.lib">
      <metrics statements="119" coveredstatements="26" conditionals="68" coveredconditionals="2" methods="21" coveredmethods="2"/>
      <file name="jest-intellij-util.js" path="C:\Program Files\JetBrains\IntelliJ IDEA 2021.3\plugins\JavaScriptLanguage\helpers\jest-intellij\lib\jest-intellij-util.js">
        <metrics statements="119" coveredstatements="26" conditionals="68" coveredconditionals="2" methods="21" coveredmethods="2"/>
        <line num="1" count="1" type="stmt"/>
        <line num="2" count="1" type="stmt"/>
        <line num="3" count="1" type="stmt"/>
        <line num="4" count="1" type="stmt"/>
        <line num="5" count="1" type="stmt"/>
        <line num="6" count="1" type="stmt"/>
        <line num="9" count="0" type="stmt"/>
        <line num="13" count="0" type="stmt"/>
        <line num="14" count="0" type="stmt"/>
        <line num="15" count="0" type="cond" truecount="0" falsecount="6"/>
        <line num="16" count="0" type="stmt"/>
        <line num="17" count="0" type="stmt"/>
        <line num="18" count="0" type="stmt"/>
        <line num="19" count="0" type="stmt"/>
        <line num="21" count="0" type="cond" truecount="0" falsecount="2"/>
        <line num="22" count="0" type="stmt"/>
        <line num="23" count="0" type="stmt"/>
        <line num="26" count="0" type="stmt"/>
        <line num="27" count="0" type="stmt"/>
        <line num="29" count="0" type="stmt"/>
        <line num="33" count="0" type="cond" truecount="0" falsecount="2"/>
        <line num="34" count="0" type="stmt"/>
        <line num="36" count="0" type="stmt"/>
        <line num="37" count="0" type="stmt"/>
        <line num="38" count="0" type="stmt"/>
        <line num="39" count="0" type="cond" truecount="0" falsecount="4"/>
        <line num="40" count="0" type="stmt"/>
        <line num="41" count="0" type="stmt"/>
        <line num="42" count="0" type="stmt"/>
        <line num="44" count="0" type="stmt"/>
        <line num="46" count="0" type="stmt"/>
        <line num="47" count="0" type="stmt"/>
        <line num="48" count="0" type="stmt"/>
        <line num="49" count="0" type="stmt"/>
        <line num="53" count="0" type="cond" truecount="0" falsecount="4"/>
        <line num="58" count="0" type="stmt"/>
        <line num="59" count="0" type="cond" truecount="0" falsecount="2"/>
        <line num="60" count="0" type="stmt"/>
        <line num="61" count="0" type="stmt"/>
        <line num="62" count="0" type="stmt"/>
        <line num="63" count="0" type="stmt"/>
        <line num="64" count="0" type="cond" truecount="0" falsecount="4"/>
        <line num="65" count="0" type="stmt"/>
        <line num="66" count="0" type="stmt"/>
        <line num="69" count="0" type="cond" truecount="0" falsecount="2"/>
        <line num="70" count="0" type="cond" truecount="0" falsecount="2"/>
        <line num="71" count="0" type="stmt"/>
        <line num="74" count="0" type="stmt"/>
        <line num="75" count="0" type="cond" truecount="0" falsecount="4"/>
        <line num="76" count="0" type="stmt"/>
        <line num="77" count="0" type="stmt"/>
        <line num="78" count="0" type="stmt"/>
        <line num="82" count="0" type="stmt"/>
        <line num="83" count="0" type="cond" truecount="0" falsecount="4"/>
        <line num="84" count="0" type="stmt"/>
        <line num="86" count="0" type="stmt"/>
        <line num="87" count="0" type="cond" truecount="0" falsecount="2"/>
        <line num="88" count="0" type="stmt"/>
        <line num="90" count="0" type="stmt"/>
        <line num="94" count="0" type="cond" truecount="0" falsecount="5"/>
        <line num="95" count="0" type="cond" truecount="0" falsecount="2"/>
        <line num="96" count="0" type="stmt"/>
        <line num="99" count="0" type="stmt"/>
        <line num="100" count="0" type="cond" truecount="0" falsecount="2"/>
        <line num="101" count="0" type="stmt"/>
        <line num="102" count="0" type="stmt"/>
        <line num="106" count="0" type="stmt"/>
        <line num="110" count="0" type="stmt"/>
        <line num="111" count="0" type="stmt"/>
        <line num="112" count="0" type="cond" truecount="0" falsecount="2"/>
        <line num="113" count="0" type="stmt"/>
        <line num="115" count="0" type="stmt"/>
        <line num="129" count="18" type="stmt"/>
        <line num="130" count="18" type="stmt"/>
        <line num="131" count="17" type="stmt"/>
        <line num="132" count="17" type="stmt"/>
        <line num="134" count="18" type="cond" truecount="1" falsecount="1"/>
        <line num="135" count="18" type="stmt"/>
        <line num="136" count="18" type="stmt"/>
        <line num="144" count="0" type="cond" truecount="0" falsecount="2"/>
        <line num="145" count="0" type="stmt"/>
        <line num="147" count="0" type="cond" truecount="0" falsecount="4"/>
        <line num="148" count="0" type="stmt"/>
        <line num="150" count="0" type="cond" truecount="0" falsecount="2"/>
        <line num="151" count="0" type="stmt"/>
        <line num="153" count="0" type="stmt"/>
        <line num="157" count="0" type="stmt"/>
        <line num="158" count="0" type="stmt"/>
        <line num="159" count="0" type="stmt"/>
        <line num="162" count="0" type="stmt"/>
        <line num="163" count="0" type="stmt"/>
        <line num="172" count="0" type="stmt"/>
        <line num="173" count="0" type="stmt"/>
        <line num="174" count="0" type="stmt"/>
        <line num="176" count="0" type="stmt"/>
        <line num="181" count="1" type="stmt"/>
        <line num="182" count="1" type="stmt"/>
        <line num="183" count="1" type="stmt"/>
        <line num="184" count="1" type="stmt"/>
        <line num="185" count="1" type="stmt"/>
        <line num="186" count="1" type="stmt"/>
        <line num="188" count="1" type="stmt"/>
        <line num="189" count="0" type="stmt"/>
        <line num="190" count="0" type="cond" truecount="0" falsecount="2"/>
        <line num="191" count="0" type="stmt"/>
        <line num="193" count="0" type="stmt"/>
        <line num="195" count="1" type="stmt"/>
        <line num="196" count="1" type="cond" truecount="1" falsecount="1"/>
        <line num="197" count="0" type="stmt"/>
        <line num="200" count="1" type="stmt"/>
        <line num="202" count="1" type="stmt"/>
        <line num="203" count="0" type="stmt"/>
        <line num="207" count="0" type="stmt"/>
        <line num="211" count="0" type="cond" truecount="0" falsecount="2"/>
        <line num="212" count="0" type="stmt"/>
        <line num="213" count="0" type="cond" truecount="0" falsecount="3"/>
        <line num="217" count="0" type="stmt"/>
        <line num="220" count="1" type="stmt"/>
        <line num="221" count="1" type="stmt"/>
      </file>
    </package>
    <package name="vinay_workspace.GildedRose.GildedRose-Refactoring-Kata.js-jest.src">
      <metrics statements="22" coveredstatements="22" conditionals="27" coveredconditionals="26" methods="3" coveredmethods="3"/>
      <file name="gilded_rose.js" path="E:\vinay_workspace\GildedRose\GildedRose-Refactoring-Kata\js-jest\src\gilded_rose.js">
        <metrics statements="22" coveredstatements="22" conditionals="27" coveredconditionals="26" methods="3" coveredmethods="3"/>
        <line num="3" count="17" type="stmt"/>
        <line num="4" count="17" type="stmt"/>
        <line num="5" count="17" type="stmt"/>
        <line num="11" count="17" type="stmt"/>
        <line num="14" count="17" type="stmt"/>
        <line num="16" count="17" type="stmt"/>
        <line num="17" count="17" type="cond" truecount="2" falsecount="0"/>
        <line num="18" count="15" type="cond" truecount="2" falsecount="0"/>
        <line num="19" count="7" type="cond" truecount="2" falsecount="0"/>
        <line num="20" count="1" type="stmt"/>
        <line num="22" count="6" type="cond" truecount="2" falsecount="0"/>
        <line num="24" count="2" type="cond" truecount="2" falsecount="0"/>
        <line num="26" count="4" type="cond" truecount="2" falsecount="0"/>
        <line num="28" count="2" type="cond" truecount="2" falsecount="0"/>
        <line num="32" count="2" type="cond" truecount="2" falsecount="0"/>
        <line num="35" count="8" type="cond" truecount="2" falsecount="0"/>
        <line num="36" count="2" type="cond" truecount="2" falsecount="0"/>
        <line num="39" count="6" type="cond" truecount="2" falsecount="0"/>
        <line num="40" count="6" type="cond" truecount="2" falsecount="0"/>
        <line num="43" count="6" type="cond" truecount="2" falsecount="0"/>
        <line num="47" count="17" type="stmt"/>
        <line num="51" count="1" type="stmt"/>
      </file>
    </package>
  </project>
</coverage>
