{"C:\\Program Files\\JetBrains\\IntelliJ IDEA 2021.3\\plugins\\JavaScriptLanguage\\helpers\\base-test-reporter\\intellij-stringifier.js": {"path":"C:\\Program Files\\JetBrains\\IntelliJ IDEA 2021.3\\plugins\\JavaScriptLanguage\\helpers\\base-test-reporter\\intellij-stringifier.js","statementMap":{"0":{"start":{"line":1,"column":11},"end":{"line":1,"column":37}},"1":{"start":{"line":8,"column":12},"end":{"line":8,"column":30}},"2":{"start":{"line":9,"column":2},"end":{"line":11,"column":3}},"3":{"start":{"line":10,"column":4},"end":{"line":10,"column":15}},"4":{"start":{"line":12,"column":2},"end":{"line":12,"column":79}},"5":{"start":{"line":20,"column":2},"end":{"line":22,"column":3}},"6":{"start":{"line":21,"column":4},"end":{"line":21,"column":17}},"7":{"start":{"line":23,"column":24},"end":{"line":23,"column":51}},"8":{"start":{"line":24,"column":2},"end":{"line":26,"column":3}},"9":{"start":{"line":25,"column":4},"end":{"line":25,"column":38}},"10":{"start":{"line":27,"column":2},"end":{"line":29,"column":3}},"11":{"start":{"line":28,"column":4},"end":{"line":28,"column":23}},"12":{"start":{"line":31,"column":17},"end":{"line":40,"column":7}},"13":{"start":{"line":32,"column":4},"end":{"line":38,"column":5}},"14":{"start":{"line":34,"column":6},"end":{"line":36,"column":7}},"15":{"start":{"line":35,"column":8},"end":{"line":35,"column":120}},"16":{"start":{"line":37,"column":6},"end":{"line":37,"column":51}},"17":{"start":{"line":39,"column":4},"end":{"line":39,"column":17}},"18":{"start":{"line":41,"column":2},"end":{"line":43,"column":3}},"19":{"start":{"line":42,"column":4},"end":{"line":42,"column":118}},"20":{"start":{"line":42,"column":101},"end":{"line":42,"column":116}},"21":{"start":{"line":44,"column":2},"end":{"line":44,"column":16}},"22":{"start":{"line":48,"column":2},"end":{"line":48,"column":29}},"23":{"start":{"line":52,"column":14},"end":{"line":52,"column":16}},"24":{"start":{"line":53,"column":2},"end":{"line":86,"column":12}},"25":{"start":{"line":54,"column":4},"end":{"line":56,"column":5}},"26":{"start":{"line":55,"column":6},"end":{"line":55,"column":19}},"27":{"start":{"line":57,"column":4},"end":{"line":59,"column":5}},"28":{"start":{"line":58,"column":6},"end":{"line":58,"column":19}},"29":{"start":{"line":60,"column":4},"end":{"line":62,"column":5}},"30":{"start":{"line":61,"column":6},"end":{"line":61,"column":19}},"31":{"start":{"line":64,"column":4},"end":{"line":66,"column":5}},"32":{"start":{"line":65,"column":6},"end":{"line":65,"column":59}},"33":{"start":{"line":67,"column":4},"end":{"line":67,"column":22}},"34":{"start":{"line":69,"column":4},"end":{"line":73,"column":5}},"35":{"start":{"line":70,"column":6},"end":{"line":72,"column":9}},"36":{"start":{"line":71,"column":8},"end":{"line":71,"column":31}},"37":{"start":{"line":75,"column":4},"end":{"line":83,"column":5}},"38":{"start":{"line":76,"column":17},"end":{"line":76,"column":35}},"39":{"start":{"line":77,"column":6},"end":{"line":77,"column":18}},"40":{"start":{"line":78,"column":16},"end":{"line":78,"column":18}},"41":{"start":{"line":79,"column":6},"end":{"line":81,"column":9}},"42":{"start":{"line":80,"column":8},"end":{"line":80,"column":38}},"43":{"start":{"line":82,"column":6},"end":{"line":82,"column":17}},"44":{"start":{"line":85,"column":4},"end":{"line":85,"column":17}},"45":{"start":{"line":89,"column":0},"end":{"line":89,"column":30}}},"fnMap":{"0":{"name":"stringify","decl":{"start":{"line":7,"column":9},"end":{"line":7,"column":18}},"loc":{"start":{"line":7,"column":26},"end":{"line":13,"column":1}},"line":7},"1":{"name":"doStringify","decl":{"start":{"line":19,"column":9},"end":{"line":19,"column":20}},"loc":{"start":{"line":19,"column":28},"end":{"line":45,"column":1}},"line":19},"2":{"name":"(anonymous_2)","decl":{"start":{"line":31,"column":49},"end":{"line":31,"column":50}},"loc":{"start":{"line":31,"column":65},"end":{"line":40,"column":3}},"line":31},"3":{"name":"(anonymous_3)","decl":{"start":{"line":42,"column":83},"end":{"line":42,"column":84}},"loc":{"start":{"line":42,"column":101},"end":{"line":42,"column":116}},"line":42},"4":{"name":"isObject","decl":{"start":{"line":47,"column":9},"end":{"line":47,"column":17}},"loc":{"start":{"line":47,"column":23},"end":{"line":49,"column":1}},"line":47},"5":{"name":"deepCopyAndNormalize","decl":{"start":{"line":51,"column":9},"end":{"line":51,"column":29}},"loc":{"start":{"line":51,"column":37},"end":{"line":87,"column":1}},"line":51},"6":{"name":"doCopy","decl":{"start":{"line":53,"column":19},"end":{"line":53,"column":25}},"loc":{"start":{"line":53,"column":33},"end":{"line":86,"column":3}},"line":53},"7":{"name":"(anonymous_7)","decl":{"start":{"line":70,"column":23},"end":{"line":70,"column":24}},"loc":{"start":{"line":70,"column":42},"end":{"line":72,"column":7}},"line":70},"8":{"name":"(anonymous_8)","decl":{"start":{"line":79,"column":19},"end":{"line":79,"column":20}},"loc":{"start":{"line":79,"column":34},"end":{"line":81,"column":7}},"line":79}},"branchMap":{"0":{"loc":{"start":{"line":9,"column":2},"end":{"line":11,"column":3}},"type":"if","locations":[{"start":{"line":9,"column":2},"end":{"line":11,"column":3}},{"start":{"line":9,"column":2},"end":{"line":11,"column":3}}],"line":9},"1":{"loc":{"start":{"line":20,"column":2},"end":{"line":22,"column":3}},"type":"if","locations":[{"start":{"line":20,"column":2},"end":{"line":22,"column":3}},{"start":{"line":20,"column":2},"end":{"line":22,"column":3}}],"line":20},"2":{"loc":{"start":{"line":24,"column":2},"end":{"line":26,"column":3}},"type":"if","locations":[{"start":{"line":24,"column":2},"end":{"line":26,"column":3}},{"start":{"line":24,"column":2},"end":{"line":26,"column":3}}],"line":24},"3":{"loc":{"start":{"line":27,"column":2},"end":{"line":29,"column":3}},"type":"if","locations":[{"start":{"line":27,"column":2},"end":{"line":29,"column":3}},{"start":{"line":27,"column":2},"end":{"line":29,"column":3}}],"line":27},"4":{"loc":{"start":{"line":32,"column":4},"end":{"line":38,"column":5}},"type":"if","locations":[{"start":{"line":32,"column":4},"end":{"line":38,"column":5}},{"start":{"line":32,"column":4},"end":{"line":38,"column":5}}],"line":32},"5":{"loc":{"start":{"line":34,"column":6},"end":{"line":36,"column":7}},"type":"if","locations":[{"start":{"line":34,"column":6},"end":{"line":36,"column":7}},{"start":{"line":34,"column":6},"end":{"line":36,"column":7}}],"line":34},"6":{"loc":{"start":{"line":41,"column":2},"end":{"line":43,"column":3}},"type":"if","locations":[{"start":{"line":41,"column":2},"end":{"line":43,"column":3}},{"start":{"line":41,"column":2},"end":{"line":43,"column":3}}],"line":41},"7":{"loc":{"start":{"line":54,"column":4},"end":{"line":56,"column":5}},"type":"if","locations":[{"start":{"line":54,"column":4},"end":{"line":56,"column":5}},{"start":{"line":54,"column":4},"end":{"line":56,"column":5}}],"line":54},"8":{"loc":{"start":{"line":57,"column":4},"end":{"line":59,"column":5}},"type":"if","locations":[{"start":{"line":57,"column":4},"end":{"line":59,"column":5}},{"start":{"line":57,"column":4},"end":{"line":59,"column":5}}],"line":57},"9":{"loc":{"start":{"line":57,"column":8},"end":{"line":57,"column":92}},"type":"binary-expr","locations":[{"start":{"line":57,"column":8},"end":{"line":57,"column":33}},{"start":{"line":57,"column":37},"end":{"line":57,"column":63}},{"start":{"line":57,"column":67},"end":{"line":57,"column":92}}],"line":57},"10":{"loc":{"start":{"line":60,"column":4},"end":{"line":62,"column":5}},"type":"if","locations":[{"start":{"line":60,"column":4},"end":{"line":62,"column":5}},{"start":{"line":60,"column":4},"end":{"line":62,"column":5}}],"line":60},"11":{"loc":{"start":{"line":64,"column":4},"end":{"line":66,"column":5}},"type":"if","locations":[{"start":{"line":64,"column":4},"end":{"line":66,"column":5}},{"start":{"line":64,"column":4},"end":{"line":66,"column":5}}],"line":64},"12":{"loc":{"start":{"line":69,"column":4},"end":{"line":73,"column":5}},"type":"if","locations":[{"start":{"line":69,"column":4},"end":{"line":73,"column":5}},{"start":{"line":69,"column":4},"end":{"line":73,"column":5}}],"line":69},"13":{"loc":{"start":{"line":75,"column":4},"end":{"line":83,"column":5}},"type":"if","locations":[{"start":{"line":75,"column":4},"end":{"line":83,"column":5}},{"start":{"line":75,"column":4},"end":{"line":83,"column":5}}],"line":75}},"s":{"0":1,"1":0,"2":0,"3":0,"4":0,"5":0,"6":0,"7":0,"8":0,"9":0,"10":0,"11":0,"12":0,"13":0,"14":0,"15":0,"16":0,"17":0,"18":0,"19":0,"20":0,"21":0,"22":0,"23":0,"24":0,"25":0,"26":0,"27":0,"28":0,"29":0,"30":0,"31":0,"32":0,"33":0,"34":0,"35":0,"36":0,"37":0,"38":0,"39":0,"40":0,"41":0,"42":0,"43":0,"44":0,"45":1},"f":{"0":0,"1":0,"2":0,"3":0,"4":0,"5":0,"6":0,"7":0,"8":0},"b":{"0":[0,0],"1":[0,0],"2":[0,0],"3":[0,0],"4":[0,0],"5":[0,0],"6":[0,0],"7":[0,0],"8":[0,0],"9":[0,0,0],"10":[0,0],"11":[0,0],"12":[0,0],"13":[0,0]},"_coverageSchema":"43e27e138ebf9cfc5966b082cf9a028302ed4184","hash":"fe4686628dd9af34e7784cd441b2da61f66877f9"}
,"C:\\Program Files\\JetBrains\\IntelliJ IDEA 2021.3\\plugins\\JavaScriptLanguage\\helpers\\base-test-reporter\\intellij-tree.js": {"path":"C:\\Program Files\\JetBrains\\IntelliJ IDEA 2021.3\\plugins\\JavaScriptLanguage\\helpers\\base-test-reporter\\intellij-tree.js","statementMap":{"0":{"start":{"line":1,"column":21},"end":{"line":1,"column":34}},"1":{"start":{"line":4,"column":2},"end":{"line":11,"column":5}},"2":{"start":{"line":16,"column":2},"end":{"line":16,"column":27}},"3":{"start":{"line":21,"column":2},"end":{"line":23,"column":4}},"4":{"start":{"line":22,"column":4},"end":{"line":22,"column":22}},"5":{"start":{"line":29,"column":2},"end":{"line":29,"column":84}},"6":{"start":{"line":34,"column":2},"end":{"line":34,"column":18}},"7":{"start":{"line":37,"column":0},"end":{"line":39,"column":2}},"8":{"start":{"line":38,"column":2},"end":{"line":38,"column":47}},"9":{"start":{"line":41,"column":0},"end":{"line":51,"column":2}},"10":{"start":{"line":42,"column":12},"end":{"line":42,"column":76}},"11":{"start":{"line":43,"column":2},"end":{"line":45,"column":3}},"12":{"start":{"line":44,"column":4},"end":{"line":44,"column":59}},"13":{"start":{"line":46,"column":2},"end":{"line":48,"column":3}},"14":{"start":{"line":47,"column":4},"end":{"line":47,"column":61}},"15":{"start":{"line":49,"column":2},"end":{"line":49,"column":15}},"16":{"start":{"line":50,"column":2},"end":{"line":50,"column":20}},"17":{"start":{"line":53,"column":0},"end":{"line":57,"column":2}},"18":{"start":{"line":54,"column":2},"end":{"line":56,"column":3}},"19":{"start":{"line":55,"column":4},"end":{"line":55,"column":75}},"20":{"start":{"line":59,"column":0},"end":{"line":61,"column":2}},"21":{"start":{"line":60,"column":2},"end":{"line":60,"column":45}},"22":{"start":{"line":63,"column":0},"end":{"line":65,"column":2}},"23":{"start":{"line":64,"column":2},"end":{"line":64,"column":46}},"24":{"start":{"line":67,"column":0},"end":{"line":74,"column":2}},"25":{"start":{"line":68,"column":19},"end":{"line":68,"column":46}},"26":{"start":{"line":69,"column":2},"end":{"line":71,"column":3}},"27":{"start":{"line":70,"column":4},"end":{"line":70,"column":106}},"28":{"start":{"line":72,"column":2},"end":{"line":72,"column":20}},"29":{"start":{"line":73,"column":2},"end":{"line":73,"column":27}},"30":{"start":{"line":93,"column":2},"end":{"line":93,"column":19}},"31":{"start":{"line":98,"column":2},"end":{"line":98,"column":15}},"32":{"start":{"line":103,"column":2},"end":{"line":103,"column":23}},"33":{"start":{"line":108,"column":2},"end":{"line":108,"column":19}},"34":{"start":{"line":113,"column":2},"end":{"line":113,"column":19}},"35":{"start":{"line":118,"column":2},"end":{"line":118,"column":35}},"36":{"start":{"line":123,"column":2},"end":{"line":123,"column":33}},"37":{"start":{"line":132,"column":2},"end":{"line":132,"column":19}},"38":{"start":{"line":134,"column":0},"end":{"line":136,"column":2}},"39":{"start":{"line":135,"column":4},"end":{"line":135,"column":21}},"40":{"start":{"line":137,"column":0},"end":{"line":137,"column":45}},"41":{"start":{"line":138,"column":0},"end":{"line":138,"column":51}},"42":{"start":{"line":139,"column":0},"end":{"line":139,"column":45}},"43":{"start":{"line":140,"column":0},"end":{"line":140,"column":47}},"44":{"start":{"line":147,"column":0},"end":{"line":151,"column":2}},"45":{"start":{"line":148,"column":13},"end":{"line":148,"column":38}},"46":{"start":{"line":149,"column":2},"end":{"line":149,"column":26}},"47":{"start":{"line":150,"column":2},"end":{"line":150,"column":36}},"48":{"start":{"line":157,"column":0},"end":{"line":162,"column":2}},"49":{"start":{"line":158,"column":2},"end":{"line":160,"column":3}},"50":{"start":{"line":159,"column":4},"end":{"line":159,"column":38}},"51":{"start":{"line":161,"column":2},"end":{"line":161,"column":54}},"52":{"start":{"line":169,"column":0},"end":{"line":189,"column":2}},"53":{"start":{"line":170,"column":25},"end":{"line":170,"column":51}},"54":{"start":{"line":171,"column":13},"end":{"line":171,"column":26}},"55":{"start":{"line":172,"column":2},"end":{"line":172,"column":27}},"56":{"start":{"line":173,"column":2},"end":{"line":173,"column":55}},"57":{"start":{"line":174,"column":17},"end":{"line":174,"column":49}},"58":{"start":{"line":175,"column":2},"end":{"line":175,"column":64}},"59":{"start":{"line":176,"column":2},"end":{"line":176,"column":57}},"60":{"start":{"line":177,"column":2},"end":{"line":177,"column":36}},"61":{"start":{"line":178,"column":2},"end":{"line":183,"column":3}},"62":{"start":{"line":179,"column":4},"end":{"line":179,"column":41}},"63":{"start":{"line":180,"column":4},"end":{"line":182,"column":5}},"64":{"start":{"line":181,"column":6},"end":{"line":181,"column":97}},"65":{"start":{"line":184,"column":2},"end":{"line":186,"column":3}},"66":{"start":{"line":185,"column":4},"end":{"line":185,"column":67}},"67":{"start":{"line":187,"column":2},"end":{"line":187,"column":16}},"68":{"start":{"line":188,"column":2},"end":{"line":188,"column":14}},"69":{"start":{"line":198,"column":0},"end":{"line":209,"column":2}},"70":{"start":{"line":199,"column":2},"end":{"line":201,"column":3}},"71":{"start":{"line":200,"column":4},"end":{"line":200,"column":46}},"72":{"start":{"line":202,"column":2},"end":{"line":205,"column":3}},"73":{"start":{"line":204,"column":4},"end":{"line":204,"column":11}},"74":{"start":{"line":206,"column":13},"end":{"line":206,"column":35}},"75":{"start":{"line":207,"column":2},"end":{"line":207,"column":26}},"76":{"start":{"line":208,"column":2},"end":{"line":208,"column":33}},"77":{"start":{"line":215,"column":0},"end":{"line":224,"column":2}},"78":{"start":{"line":216,"column":2},"end":{"line":218,"column":3}},"79":{"start":{"line":217,"column":4},"end":{"line":217,"column":37}},"80":{"start":{"line":219,"column":2},"end":{"line":222,"column":3}},"81":{"start":{"line":220,"column":22},"end":{"line":220,"column":48}},"82":{"start":{"line":221,"column":4},"end":{"line":221,"column":111}},"83":{"start":{"line":223,"column":2},"end":{"line":223,"column":54}},"84":{"start":{"line":231,"column":0},"end":{"line":233,"column":2}},"85":{"start":{"line":232,"column":2},"end":{"line":232,"column":51}},"86":{"start":{"line":240,"column":0},"end":{"line":256,"column":2}},"87":{"start":{"line":241,"column":2},"end":{"line":243,"column":3}},"88":{"start":{"line":242,"column":4},"end":{"line":242,"column":11}},"89":{"start":{"line":244,"column":2},"end":{"line":246,"column":3}},"90":{"start":{"line":245,"column":4},"end":{"line":245,"column":56}},"91":{"start":{"line":247,"column":13},"end":{"line":247,"column":36}},"92":{"start":{"line":248,"column":2},"end":{"line":248,"column":26}},"93":{"start":{"line":249,"column":2},"end":{"line":249,"column":34}},"94":{"start":{"line":250,"column":2},"end":{"line":255,"column":3}},"95":{"start":{"line":251,"column":17},"end":{"line":251,"column":28}},"96":{"start":{"line":252,"column":4},"end":{"line":254,"column":5}},"97":{"start":{"line":253,"column":6},"end":{"line":253,"column":31}},"98":{"start":{"line":261,"column":0},"end":{"line":263,"column":2}},"99":{"start":{"line":262,"column":2},"end":{"line":262,"column":43}},"100":{"start":{"line":269,"column":0},"end":{"line":278,"column":2}},"101":{"start":{"line":270,"column":13},"end":{"line":270,"column":56}},"102":{"start":{"line":271,"column":2},"end":{"line":271,"column":62}},"103":{"start":{"line":272,"column":24},"end":{"line":272,"column":62}},"104":{"start":{"line":273,"column":2},"end":{"line":275,"column":3}},"105":{"start":{"line":274,"column":4},"end":{"line":274,"column":28}},"106":{"start":{"line":276,"column":2},"end":{"line":276,"column":14}},"107":{"start":{"line":277,"column":2},"end":{"line":277,"column":14}},"108":{"start":{"line":285,"column":0},"end":{"line":287,"column":2}},"109":{"start":{"line":286,"column":2},"end":{"line":286,"column":51}},"110":{"start":{"line":289,"column":0},"end":{"line":296,"column":2}},"111":{"start":{"line":290,"column":2},"end":{"line":295,"column":3}},"112":{"start":{"line":291,"column":4},"end":{"line":293,"column":5}},"113":{"start":{"line":291,"column":17},"end":{"line":291,"column":18}},"114":{"start":{"line":292,"column":6},"end":{"line":292,"column":41}},"115":{"start":{"line":294,"column":4},"end":{"line":294,"column":18}},"116":{"start":{"line":311,"column":2},"end":{"line":311,"column":62}},"117":{"start":{"line":316,"column":2},"end":{"line":316,"column":21}},"118":{"start":{"line":321,"column":2},"end":{"line":321,"column":22}},"119":{"start":{"line":326,"column":2},"end":{"line":326,"column":30}},"120":{"start":{"line":329,"column":0},"end":{"line":329,"column":29}},"121":{"start":{"line":336,"column":0},"end":{"line":346,"column":2}},"122":{"start":{"line":337,"column":15},"end":{"line":337,"column":49}},"123":{"start":{"line":338,"column":2},"end":{"line":344,"column":3}},"124":{"start":{"line":340,"column":16},"end":{"line":342,"column":6}},"125":{"start":{"line":341,"column":6},"end":{"line":341,"column":44}},"126":{"start":{"line":343,"column":4},"end":{"line":343,"column":37}},"127":{"start":{"line":345,"column":2},"end":{"line":345,"column":16}},"128":{"start":{"line":352,"column":2},"end":{"line":354,"column":3}},"129":{"start":{"line":353,"column":4},"end":{"line":353,"column":43}},"130":{"start":{"line":355,"column":2},"end":{"line":355,"column":14}},"131":{"start":{"line":362,"column":18},"end":{"line":362,"column":32}},"132":{"start":{"line":363,"column":17},"end":{"line":363,"column":57}},"133":{"start":{"line":364,"column":2},"end":{"line":373,"column":3}},"134":{"start":{"line":365,"column":4},"end":{"line":368,"column":5}},"135":{"start":{"line":366,"column":6},"end":{"line":366,"column":28}},"136":{"start":{"line":367,"column":6},"end":{"line":367,"column":49}},"137":{"start":{"line":369,"column":4},"end":{"line":369,"column":29}},"138":{"start":{"line":372,"column":4},"end":{"line":372,"column":48}},"139":{"start":{"line":380,"column":0},"end":{"line":382,"column":2}},"140":{"start":{"line":381,"column":2},"end":{"line":381,"column":28}},"141":{"start":{"line":388,"column":0},"end":{"line":390,"column":2}},"142":{"start":{"line":389,"column":2},"end":{"line":389,"column":29}},"143":{"start":{"line":396,"column":0},"end":{"line":398,"column":2}},"144":{"start":{"line":397,"column":2},"end":{"line":397,"column":14}},"145":{"start":{"line":407,"column":0},"end":{"line":419,"column":2}},"146":{"start":{"line":408,"column":2},"end":{"line":410,"column":3}},"147":{"start":{"line":409,"column":4},"end":{"line":409,"column":68}},"148":{"start":{"line":411,"column":16},"end":{"line":411,"column":34}},"149":{"start":{"line":412,"column":2},"end":{"line":414,"column":3}},"150":{"start":{"line":413,"column":4},"end":{"line":413,"column":49}},"151":{"start":{"line":415,"column":14},"end":{"line":415,"column":87}},"152":{"start":{"line":416,"column":2},"end":{"line":416,"column":28}},"153":{"start":{"line":417,"column":2},"end":{"line":417,"column":28}},"154":{"start":{"line":418,"column":2},"end":{"line":418,"column":15}},"155":{"start":{"line":428,"column":0},"end":{"line":440,"column":2}},"156":{"start":{"line":429,"column":2},"end":{"line":431,"column":3}},"157":{"start":{"line":430,"column":4},"end":{"line":430,"column":68}},"158":{"start":{"line":432,"column":16},"end":{"line":432,"column":34}},"159":{"start":{"line":433,"column":2},"end":{"line":435,"column":3}},"160":{"start":{"line":434,"column":4},"end":{"line":434,"column":49}},"161":{"start":{"line":436,"column":14},"end":{"line":436,"column":92}},"162":{"start":{"line":437,"column":2},"end":{"line":437,"column":28}},"163":{"start":{"line":438,"column":2},"end":{"line":438,"column":28}},"164":{"start":{"line":439,"column":2},"end":{"line":439,"column":15}},"165":{"start":{"line":445,"column":0},"end":{"line":452,"column":2}},"166":{"start":{"line":446,"column":2},"end":{"line":446,"column":28}},"167":{"start":{"line":447,"column":2},"end":{"line":451,"column":3}},"168":{"start":{"line":448,"column":4},"end":{"line":450,"column":5}},"169":{"start":{"line":449,"column":6},"end":{"line":449,"column":24}},"170":{"start":{"line":466,"column":2},"end":{"line":466,"column":62}},"171":{"start":{"line":471,"column":2},"end":{"line":471,"column":27}},"172":{"start":{"line":476,"column":2},"end":{"line":476,"column":34}},"173":{"start":{"line":481,"column":2},"end":{"line":481,"column":30}},"174":{"start":{"line":486,"column":2},"end":{"line":486,"column":34}},"175":{"start":{"line":491,"column":2},"end":{"line":491,"column":31}},"176":{"start":{"line":496,"column":2},"end":{"line":496,"column":29}},"177":{"start":{"line":501,"column":2},"end":{"line":501,"column":36}},"178":{"start":{"line":506,"column":2},"end":{"line":506,"column":34}},"179":{"start":{"line":511,"column":2},"end":{"line":511,"column":28}},"180":{"start":{"line":516,"column":2},"end":{"line":516,"column":43}},"181":{"start":{"line":519,"column":0},"end":{"line":519,"column":24}},"182":{"start":{"line":527,"column":2},"end":{"line":527,"column":19}},"183":{"start":{"line":529,"column":0},"end":{"line":531,"column":2}},"184":{"start":{"line":530,"column":4},"end":{"line":530,"column":21}},"185":{"start":{"line":533,"column":0},"end":{"line":533,"column":49}},"186":{"start":{"line":534,"column":0},"end":{"line":534,"column":49}},"187":{"start":{"line":535,"column":0},"end":{"line":535,"column":47}},"188":{"start":{"line":536,"column":0},"end":{"line":536,"column":45}},"189":{"start":{"line":538,"column":0},"end":{"line":538,"column":31}},"190":{"start":{"line":551,"column":0},"end":{"line":568,"column":2}},"191":{"start":{"line":554,"column":2},"end":{"line":556,"column":3}},"192":{"start":{"line":555,"column":4},"end":{"line":555,"column":54}},"193":{"start":{"line":557,"column":2},"end":{"line":557,"column":25}},"194":{"start":{"line":558,"column":2},"end":{"line":558,"column":39}},"195":{"start":{"line":559,"column":2},"end":{"line":559,"column":31}},"196":{"start":{"line":560,"column":2},"end":{"line":560,"column":39}},"197":{"start":{"line":561,"column":2},"end":{"line":561,"column":64}},"198":{"start":{"line":562,"column":2},"end":{"line":562,"column":58}},"199":{"start":{"line":563,"column":2},"end":{"line":563,"column":79}},"200":{"start":{"line":564,"column":2},"end":{"line":564,"column":73}},"201":{"start":{"line":565,"column":2},"end":{"line":567,"column":3}},"202":{"start":{"line":566,"column":4},"end":{"line":566,"column":59}},"203":{"start":{"line":570,"column":0},"end":{"line":572,"column":2}},"204":{"start":{"line":571,"column":2},"end":{"line":571,"column":67}},"205":{"start":{"line":574,"column":0},"end":{"line":576,"column":2}},"206":{"start":{"line":575,"column":2},"end":{"line":575,"column":27}},"207":{"start":{"line":582,"column":0},"end":{"line":584,"column":2}},"208":{"start":{"line":583,"column":2},"end":{"line":583,"column":23}},"209":{"start":{"line":590,"column":0},"end":{"line":603,"column":2}},"210":{"start":{"line":591,"column":2},"end":{"line":602,"column":3}},"211":{"start":{"line":593,"column":6},"end":{"line":593,"column":28}},"212":{"start":{"line":595,"column":6},"end":{"line":595,"column":27}},"213":{"start":{"line":597,"column":6},"end":{"line":597,"column":26}},"214":{"start":{"line":599,"column":6},"end":{"line":599,"column":26}},"215":{"start":{"line":601,"column":6},"end":{"line":601,"column":57}},"216":{"start":{"line":610,"column":0},"end":{"line":640,"column":2}},"217":{"start":{"line":611,"column":15},"end":{"line":611,"column":17}},"218":{"start":{"line":612,"column":2},"end":{"line":614,"column":3}},"219":{"start":{"line":613,"column":4},"end":{"line":613,"column":58}},"220":{"start":{"line":615,"column":2},"end":{"line":617,"column":3}},"221":{"start":{"line":616,"column":4},"end":{"line":616,"column":31}},"222":{"start":{"line":618,"column":2},"end":{"line":620,"column":3}},"223":{"start":{"line":619,"column":4},"end":{"line":619,"column":75}},"224":{"start":{"line":621,"column":2},"end":{"line":623,"column":3}},"225":{"start":{"line":622,"column":4},"end":{"line":622,"column":79}},"226":{"start":{"line":624,"column":2},"end":{"line":626,"column":3}},"227":{"start":{"line":625,"column":4},"end":{"line":625,"column":77}},"228":{"start":{"line":627,"column":2},"end":{"line":629,"column":3}},"229":{"start":{"line":628,"column":4},"end":{"line":628,"column":73}},"230":{"start":{"line":630,"column":2},"end":{"line":632,"column":3}},"231":{"start":{"line":631,"column":4},"end":{"line":631,"column":50}},"232":{"start":{"line":633,"column":2},"end":{"line":635,"column":3}},"233":{"start":{"line":634,"column":4},"end":{"line":634,"column":86}},"234":{"start":{"line":636,"column":2},"end":{"line":638,"column":3}},"235":{"start":{"line":637,"column":4},"end":{"line":637,"column":82}},"236":{"start":{"line":639,"column":2},"end":{"line":639,"column":45}},"237":{"start":{"line":645,"column":0},"end":{"line":651,"column":2}},"238":{"start":{"line":646,"column":2},"end":{"line":650,"column":3}},"239":{"start":{"line":647,"column":15},"end":{"line":648,"column":55}},"240":{"start":{"line":649,"column":4},"end":{"line":649,"column":28}},"241":{"start":{"line":653,"column":24},"end":{"line":682,"column":3}},"242":{"start":{"line":654,"column":12},"end":{"line":654,"column":14}},"243":{"start":{"line":657,"column":4},"end":{"line":659,"column":5}},"244":{"start":{"line":658,"column":6},"end":{"line":658,"column":47}},"245":{"start":{"line":660,"column":23},"end":{"line":660,"column":45}},"246":{"start":{"line":661,"column":4},"end":{"line":666,"column":5}},"247":{"start":{"line":662,"column":6},"end":{"line":662,"column":33}},"248":{"start":{"line":665,"column":6},"end":{"line":665,"column":33}},"249":{"start":{"line":669,"column":2},"end":{"line":669,"column":24}},"250":{"start":{"line":670,"column":2},"end":{"line":670,"column":24}},"251":{"start":{"line":671,"column":2},"end":{"line":671,"column":28}},"252":{"start":{"line":672,"column":2},"end":{"line":672,"column":28}},"253":{"start":{"line":673,"column":2},"end":{"line":673,"column":28}},"254":{"start":{"line":674,"column":2},"end":{"line":674,"column":23}},"255":{"start":{"line":675,"column":2},"end":{"line":675,"column":25}},"256":{"start":{"line":676,"column":2},"end":{"line":676,"column":23}},"257":{"start":{"line":677,"column":2},"end":{"line":677,"column":23}},"258":{"start":{"line":679,"column":2},"end":{"line":681,"column":4}},"259":{"start":{"line":680,"column":4},"end":{"line":680,"column":25}},"260":{"start":{"line":685,"column":12},"end":{"line":685,"column":22}},"261":{"start":{"line":686,"column":2},"end":{"line":690,"column":3}},"262":{"start":{"line":686,"column":15},"end":{"line":686,"column":16}},"263":{"start":{"line":687,"column":4},"end":{"line":689,"column":5}},"264":{"start":{"line":688,"column":6},"end":{"line":688,"column":18}},"265":{"start":{"line":691,"column":2},"end":{"line":691,"column":15}},"266":{"start":{"line":695,"column":2},"end":{"line":697,"column":3}},"267":{"start":{"line":696,"column":4},"end":{"line":696,"column":17}},"268":{"start":{"line":698,"column":12},"end":{"line":698,"column":25}},"269":{"start":{"line":699,"column":2},"end":{"line":701,"column":3}},"270":{"start":{"line":700,"column":4},"end":{"line":700,"column":15}},"271":{"start":{"line":702,"column":12},"end":{"line":702,"column":14}},"272":{"start":{"line":703,"column":12},"end":{"line":703,"column":22}},"273":{"start":{"line":704,"column":2},"end":{"line":713,"column":3}},"274":{"start":{"line":704,"column":15},"end":{"line":704,"column":16}},"275":{"start":{"line":705,"column":18},"end":{"line":705,"column":53}},"276":{"start":{"line":706,"column":4},"end":{"line":712,"column":5}},"277":{"start":{"line":707,"column":6},"end":{"line":707,"column":17}},"278":{"start":{"line":708,"column":6},"end":{"line":708,"column":21}},"279":{"start":{"line":711,"column":6},"end":{"line":711,"column":27}},"280":{"start":{"line":714,"column":2},"end":{"line":714,"column":13}},"281":{"start":{"line":717,"column":15},"end":{"line":717,"column":26}},"282":{"start":{"line":724,"column":2},"end":{"line":724,"column":81}},"283":{"start":{"line":727,"column":0},"end":{"line":727,"column":22}}},"fnMap":{"0":{"name":"inherit","decl":{"start":{"line":3,"column":9},"end":{"line":3,"column":16}},"loc":{"start":{"line":3,"column":32},"end":{"line":12,"column":1}},"line":3},"1":{"name":"Tree","decl":{"start":{"line":15,"column":9},"end":{"line":15,"column":13}},"loc":{"start":{"line":15,"column":39},"end":{"line":35,"column":1}},"line":15},"2":{"name":"(anonymous_2)","decl":{"start":{"line":21,"column":17},"end":{"line":21,"column":18}},"loc":{"start":{"line":21,"column":32},"end":{"line":23,"column":3}},"line":21},"3":{"name":"(anonymous_3)","decl":{"start":{"line":37,"column":29},"end":{"line":37,"column":30}},"loc":{"start":{"line":37,"column":40},"end":{"line":39,"column":1}},"line":37},"4":{"name":"(anonymous_4)","decl":{"start":{"line":41,"column":32},"end":{"line":41,"column":33}},"loc":{"start":{"line":41,"column":66},"end":{"line":51,"column":1}},"line":41},"5":{"name":"(anonymous_5)","decl":{"start":{"line":53,"column":35},"end":{"line":53,"column":36}},"loc":{"start":{"line":53,"column":61},"end":{"line":57,"column":1}},"line":53},"6":{"name":"(anonymous_6)","decl":{"start":{"line":59,"column":32},"end":{"line":59,"column":33}},"loc":{"start":{"line":59,"column":44},"end":{"line":61,"column":1}},"line":59},"7":{"name":"(anonymous_7)","decl":{"start":{"line":63,"column":33},"end":{"line":63,"column":34}},"loc":{"start":{"line":63,"column":45},"end":{"line":65,"column":1}},"line":63},"8":{"name":"(anonymous_8)","decl":{"start":{"line":67,"column":29},"end":{"line":67,"column":30}},"loc":{"start":{"line":67,"column":64},"end":{"line":74,"column":1}},"line":67},"9":{"name":"Node","decl":{"start":{"line":88,"column":9},"end":{"line":88,"column":13}},"loc":{"start":{"line":88,"column":58},"end":{"line":124,"column":1}},"line":88},"10":{"name":"NodeState","decl":{"start":{"line":131,"column":9},"end":{"line":131,"column":18}},"loc":{"start":{"line":131,"column":25},"end":{"line":133,"column":1}},"line":131},"11":{"name":"(anonymous_11)","decl":{"start":{"line":134,"column":31},"end":{"line":134,"column":32}},"loc":{"start":{"line":134,"column":42},"end":{"line":136,"column":1}},"line":134},"12":{"name":"(anonymous_12)","decl":{"start":{"line":147,"column":26},"end":{"line":147,"column":27}},"loc":{"start":{"line":147,"column":38},"end":{"line":151,"column":1}},"line":147},"13":{"name":"(anonymous_13)","decl":{"start":{"line":157,"column":36},"end":{"line":157,"column":37}},"loc":{"start":{"line":157,"column":48},"end":{"line":162,"column":1}},"line":157},"14":{"name":"(anonymous_14)","decl":{"start":{"line":169,"column":32},"end":{"line":169,"column":33}},"loc":{"start":{"line":169,"column":51},"end":{"line":189,"column":1}},"line":169},"15":{"name":"(anonymous_15)","decl":{"start":{"line":198,"column":23},"end":{"line":198,"column":24}},"loc":{"start":{"line":198,"column":35},"end":{"line":209,"column":1}},"line":198},"16":{"name":"(anonymous_16)","decl":{"start":{"line":215,"column":33},"end":{"line":215,"column":34}},"loc":{"start":{"line":215,"column":45},"end":{"line":224,"column":1}},"line":215},"17":{"name":"(anonymous_17)","decl":{"start":{"line":231,"column":37},"end":{"line":231,"column":38}},"loc":{"start":{"line":231,"column":49},"end":{"line":233,"column":1}},"line":231},"18":{"name":"(anonymous_18)","decl":{"start":{"line":240,"column":24},"end":{"line":240,"column":25}},"loc":{"start":{"line":240,"column":54},"end":{"line":256,"column":1}},"line":240},"19":{"name":"(anonymous_19)","decl":{"start":{"line":261,"column":28},"end":{"line":261,"column":29}},"loc":{"start":{"line":261,"column":40},"end":{"line":263,"column":1}},"line":261},"20":{"name":"(anonymous_20)","decl":{"start":{"line":269,"column":34},"end":{"line":269,"column":35}},"loc":{"start":{"line":269,"column":46},"end":{"line":278,"column":1}},"line":269},"21":{"name":"(anonymous_21)","decl":{"start":{"line":285,"column":49},"end":{"line":285,"column":50}},"loc":{"start":{"line":285,"column":61},"end":{"line":287,"column":1}},"line":285},"22":{"name":"(anonymous_22)","decl":{"start":{"line":289,"column":33},"end":{"line":289,"column":34}},"loc":{"start":{"line":289,"column":45},"end":{"line":296,"column":1}},"line":289},"23":{"name":"TestSuiteNode","decl":{"start":{"line":310,"column":9},"end":{"line":310,"column":22}},"loc":{"start":{"line":310,"column":67},"end":{"line":327,"column":1}},"line":310},"24":{"name":"(anonymous_24)","decl":{"start":{"line":336,"column":46},"end":{"line":336,"column":47}},"loc":{"start":{"line":336,"column":66},"end":{"line":346,"column":1}},"line":336},"25":{"name":"(anonymous_25)","decl":{"start":{"line":340,"column":28},"end":{"line":340,"column":29}},"loc":{"start":{"line":340,"column":45},"end":{"line":342,"column":5}},"line":340},"26":{"name":"getChildrenByName","decl":{"start":{"line":351,"column":9},"end":{"line":351,"column":26}},"loc":{"start":{"line":351,"column":50},"end":{"line":356,"column":1}},"line":351},"27":{"name":"addChildNode","decl":{"start":{"line":361,"column":9},"end":{"line":361,"column":21}},"loc":{"start":{"line":361,"column":45},"end":{"line":374,"column":1}},"line":361},"28":{"name":"(anonymous_28)","decl":{"start":{"line":380,"column":46},"end":{"line":380,"column":47}},"loc":{"start":{"line":380,"column":58},"end":{"line":382,"column":1}},"line":380},"29":{"name":"(anonymous_29)","decl":{"start":{"line":388,"column":47},"end":{"line":388,"column":48}},"loc":{"start":{"line":388,"column":59},"end":{"line":390,"column":1}},"line":388},"30":{"name":"(anonymous_30)","decl":{"start":{"line":396,"column":58},"end":{"line":396,"column":59}},"loc":{"start":{"line":396,"column":70},"end":{"line":398,"column":1}},"line":396},"31":{"name":"(anonymous_31)","decl":{"start":{"line":407,"column":39},"end":{"line":407,"column":40}},"loc":{"start":{"line":407,"column":84},"end":{"line":419,"column":1}},"line":407},"32":{"name":"(anonymous_32)","decl":{"start":{"line":428,"column":44},"end":{"line":428,"column":45}},"loc":{"start":{"line":428,"column":89},"end":{"line":440,"column":1}},"line":428},"33":{"name":"(anonymous_33)","decl":{"start":{"line":445,"column":42},"end":{"line":445,"column":43}},"loc":{"start":{"line":445,"column":53},"end":{"line":452,"column":1}},"line":445},"34":{"name":"TestNode","decl":{"start":{"line":465,"column":9},"end":{"line":465,"column":17}},"loc":{"start":{"line":465,"column":62},"end":{"line":517,"column":1}},"line":465},"35":{"name":"TestOutcome","decl":{"start":{"line":526,"column":9},"end":{"line":526,"column":20}},"loc":{"start":{"line":526,"column":27},"end":{"line":528,"column":1}},"line":526},"36":{"name":"(anonymous_36)","decl":{"start":{"line":529,"column":33},"end":{"line":529,"column":34}},"loc":{"start":{"line":529,"column":45},"end":{"line":531,"column":1}},"line":529},"37":{"name":"(anonymous_37)","decl":{"start":{"line":551,"column":32},"end":{"line":551,"column":33}},"loc":{"start":{"line":553,"column":76},"end":{"line":568,"column":1}},"line":553},"38":{"name":"(anonymous_38)","decl":{"start":{"line":570,"column":53},"end":{"line":570,"column":54}},"loc":{"start":{"line":570,"column":93},"end":{"line":572,"column":1}},"line":570},"39":{"name":"(anonymous_39)","decl":{"start":{"line":574,"column":33},"end":{"line":574,"column":34}},"loc":{"start":{"line":574,"column":53},"end":{"line":576,"column":1}},"line":574},"40":{"name":"(anonymous_40)","decl":{"start":{"line":582,"column":41},"end":{"line":582,"column":42}},"loc":{"start":{"line":582,"column":53},"end":{"line":584,"column":1}},"line":582},"41":{"name":"(anonymous_41)","decl":{"start":{"line":590,"column":42},"end":{"line":590,"column":43}},"loc":{"start":{"line":590,"column":54},"end":{"line":603,"column":1}},"line":590},"42":{"name":"(anonymous_42)","decl":{"start":{"line":610,"column":53},"end":{"line":610,"column":54}},"loc":{"start":{"line":610,"column":65},"end":{"line":640,"column":1}},"line":610},"43":{"name":"(anonymous_43)","decl":{"start":{"line":645,"column":31},"end":{"line":645,"column":32}},"loc":{"start":{"line":645,"column":46},"end":{"line":651,"column":1}},"line":645},"44":{"name":"(anonymous_44)","decl":{"start":{"line":653,"column":24},"end":{"line":653,"column":25}},"loc":{"start":{"line":653,"column":36},"end":{"line":682,"column":1}},"line":653},"45":{"name":"addMapping","decl":{"start":{"line":656,"column":11},"end":{"line":656,"column":21}},"loc":{"start":{"line":656,"column":40},"end":{"line":667,"column":3}},"line":656},"46":{"name":"(anonymous_46)","decl":{"start":{"line":679,"column":9},"end":{"line":679,"column":10}},"loc":{"start":{"line":679,"column":29},"end":{"line":681,"column":3}},"line":679},"47":{"name":"isAttributeValueEscapingNeeded","decl":{"start":{"line":684,"column":9},"end":{"line":684,"column":39}},"loc":{"start":{"line":684,"column":45},"end":{"line":692,"column":1}},"line":684},"48":{"name":"escapeAttributeValue","decl":{"start":{"line":694,"column":9},"end":{"line":694,"column":29}},"loc":{"start":{"line":694,"column":37},"end":{"line":715,"column":1}},"line":694},"49":{"name":"isString","decl":{"start":{"line":723,"column":9},"end":{"line":723,"column":17}},"loc":{"start":{"line":723,"column":25},"end":{"line":725,"column":1}},"line":723}},"branchMap":{"0":{"loc":{"start":{"line":29,"column":38},"end":{"line":29,"column":49}},"type":"binary-expr","locations":[{"start":{"line":29,"column":38},"end":{"line":29,"column":44}},{"start":{"line":29,"column":48},"end":{"line":29,"column":49}}],"line":29},"1":{"loc":{"start":{"line":43,"column":2},"end":{"line":45,"column":3}},"type":"if","locations":[{"start":{"line":43,"column":2},"end":{"line":45,"column":3}},{"start":{"line":43,"column":2},"end":{"line":45,"column":3}}],"line":43},"2":{"loc":{"start":{"line":46,"column":2},"end":{"line":48,"column":3}},"type":"if","locations":[{"start":{"line":46,"column":2},"end":{"line":48,"column":3}},{"start":{"line":46,"column":2},"end":{"line":48,"column":3}}],"line":46},"3":{"loc":{"start":{"line":54,"column":2},"end":{"line":56,"column":3}},"type":"if","locations":[{"start":{"line":54,"column":2},"end":{"line":56,"column":3}},{"start":{"line":54,"column":2},"end":{"line":56,"column":3}}],"line":54},"4":{"loc":{"start":{"line":54,"column":6},"end":{"line":54,"column":62}},"type":"binary-expr","locations":[{"start":{"line":54,"column":6},"end":{"line":54,"column":40}},{"start":{"line":54,"column":44},"end":{"line":54,"column":62}}],"line":54},"5":{"loc":{"start":{"line":158,"column":2},"end":{"line":160,"column":3}},"type":"if","locations":[{"start":{"line":158,"column":2},"end":{"line":160,"column":3}},{"start":{"line":158,"column":2},"end":{"line":160,"column":3}}],"line":158},"6":{"loc":{"start":{"line":174,"column":17},"end":{"line":174,"column":49}},"type":"cond-expr","locations":[{"start":{"line":174,"column":31},"end":{"line":174,"column":45}},{"start":{"line":174,"column":48},"end":{"line":174,"column":49}}],"line":174},"7":{"loc":{"start":{"line":178,"column":2},"end":{"line":183,"column":3}},"type":"if","locations":[{"start":{"line":178,"column":2},"end":{"line":183,"column":3}},{"start":{"line":178,"column":2},"end":{"line":183,"column":3}}],"line":178},"8":{"loc":{"start":{"line":180,"column":4},"end":{"line":182,"column":5}},"type":"if","locations":[{"start":{"line":180,"column":4},"end":{"line":182,"column":5}},{"start":{"line":180,"column":4},"end":{"line":182,"column":5}}],"line":180},"9":{"loc":{"start":{"line":184,"column":2},"end":{"line":186,"column":3}},"type":"if","locations":[{"start":{"line":184,"column":2},"end":{"line":186,"column":3}},{"start":{"line":184,"column":2},"end":{"line":186,"column":3}}],"line":184},"10":{"loc":{"start":{"line":199,"column":2},"end":{"line":201,"column":3}},"type":"if","locations":[{"start":{"line":199,"column":2},"end":{"line":201,"column":3}},{"start":{"line":199,"column":2},"end":{"line":201,"column":3}}],"line":199},"11":{"loc":{"start":{"line":202,"column":2},"end":{"line":205,"column":3}},"type":"if","locations":[{"start":{"line":202,"column":2},"end":{"line":205,"column":3}},{"start":{"line":202,"column":2},"end":{"line":205,"column":3}}],"line":202},"12":{"loc":{"start":{"line":216,"column":2},"end":{"line":218,"column":3}},"type":"if","locations":[{"start":{"line":216,"column":2},"end":{"line":218,"column":3}},{"start":{"line":216,"column":2},"end":{"line":218,"column":3}}],"line":216},"13":{"loc":{"start":{"line":219,"column":2},"end":{"line":222,"column":3}},"type":"if","locations":[{"start":{"line":219,"column":2},"end":{"line":222,"column":3}},{"start":{"line":219,"column":2},"end":{"line":222,"column":3}}],"line":219},"14":{"loc":{"start":{"line":241,"column":2},"end":{"line":243,"column":3}},"type":"if","locations":[{"start":{"line":241,"column":2},"end":{"line":243,"column":3}},{"start":{"line":241,"column":2},"end":{"line":243,"column":3}}],"line":241},"15":{"loc":{"start":{"line":244,"column":2},"end":{"line":246,"column":3}},"type":"if","locations":[{"start":{"line":244,"column":2},"end":{"line":246,"column":3}},{"start":{"line":244,"column":2},"end":{"line":246,"column":3}}],"line":244},"16":{"loc":{"start":{"line":244,"column":6},"end":{"line":244,"column":77}},"type":"binary-expr","locations":[{"start":{"line":244,"column":6},"end":{"line":244,"column":41}},{"start":{"line":244,"column":45},"end":{"line":244,"column":77}}],"line":244},"17":{"loc":{"start":{"line":250,"column":2},"end":{"line":255,"column":3}},"type":"if","locations":[{"start":{"line":250,"column":2},"end":{"line":255,"column":3}},{"start":{"line":250,"column":2},"end":{"line":255,"column":3}}],"line":250},"18":{"loc":{"start":{"line":252,"column":4},"end":{"line":254,"column":5}},"type":"if","locations":[{"start":{"line":252,"column":4},"end":{"line":254,"column":5}},{"start":{"line":252,"column":4},"end":{"line":254,"column":5}}],"line":252},"19":{"loc":{"start":{"line":252,"column":8},"end":{"line":252,"column":50}},"type":"binary-expr","locations":[{"start":{"line":252,"column":8},"end":{"line":252,"column":22}},{"start":{"line":252,"column":26},"end":{"line":252,"column":50}}],"line":252},"20":{"loc":{"start":{"line":273,"column":2},"end":{"line":275,"column":3}},"type":"if","locations":[{"start":{"line":273,"column":2},"end":{"line":275,"column":3}},{"start":{"line":273,"column":2},"end":{"line":275,"column":3}}],"line":273},"21":{"loc":{"start":{"line":290,"column":2},"end":{"line":295,"column":3}},"type":"if","locations":[{"start":{"line":290,"column":2},"end":{"line":295,"column":3}},{"start":{"line":290,"column":2},"end":{"line":295,"column":3}}],"line":290},"22":{"loc":{"start":{"line":338,"column":2},"end":{"line":344,"column":3}},"type":"if","locations":[{"start":{"line":338,"column":2},"end":{"line":344,"column":3}},{"start":{"line":338,"column":2},"end":{"line":344,"column":3}}],"line":338},"23":{"loc":{"start":{"line":343,"column":11},"end":{"line":343,"column":36}},"type":"cond-expr","locations":[{"start":{"line":343,"column":19},"end":{"line":343,"column":24}},{"start":{"line":343,"column":27},"end":{"line":343,"column":36}}],"line":343},"24":{"loc":{"start":{"line":352,"column":2},"end":{"line":354,"column":3}},"type":"if","locations":[{"start":{"line":352,"column":2},"end":{"line":354,"column":3}},{"start":{"line":352,"column":2},"end":{"line":354,"column":3}}],"line":352},"25":{"loc":{"start":{"line":364,"column":2},"end":{"line":373,"column":3}},"type":"if","locations":[{"start":{"line":364,"column":2},"end":{"line":373,"column":3}},{"start":{"line":364,"column":2},"end":{"line":373,"column":3}}],"line":364},"26":{"loc":{"start":{"line":365,"column":4},"end":{"line":368,"column":5}},"type":"if","locations":[{"start":{"line":365,"column":4},"end":{"line":368,"column":5}},{"start":{"line":365,"column":4},"end":{"line":368,"column":5}}],"line":365},"27":{"loc":{"start":{"line":408,"column":2},"end":{"line":410,"column":3}},"type":"if","locations":[{"start":{"line":408,"column":2},"end":{"line":410,"column":3}},{"start":{"line":408,"column":2},"end":{"line":410,"column":3}}],"line":408},"28":{"loc":{"start":{"line":412,"column":2},"end":{"line":414,"column":3}},"type":"if","locations":[{"start":{"line":412,"column":2},"end":{"line":414,"column":3}},{"start":{"line":412,"column":2},"end":{"line":414,"column":3}}],"line":412},"29":{"loc":{"start":{"line":429,"column":2},"end":{"line":431,"column":3}},"type":"if","locations":[{"start":{"line":429,"column":2},"end":{"line":431,"column":3}},{"start":{"line":429,"column":2},"end":{"line":431,"column":3}}],"line":429},"30":{"loc":{"start":{"line":433,"column":2},"end":{"line":435,"column":3}},"type":"if","locations":[{"start":{"line":433,"column":2},"end":{"line":435,"column":3}},{"start":{"line":433,"column":2},"end":{"line":435,"column":3}}],"line":433},"31":{"loc":{"start":{"line":447,"column":2},"end":{"line":451,"column":3}},"type":"if","locations":[{"start":{"line":447,"column":2},"end":{"line":451,"column":3}},{"start":{"line":447,"column":2},"end":{"line":451,"column":3}}],"line":447},"32":{"loc":{"start":{"line":448,"column":4},"end":{"line":450,"column":5}},"type":"if","locations":[{"start":{"line":448,"column":4},"end":{"line":450,"column":5}},{"start":{"line":448,"column":4},"end":{"line":450,"column":5}}],"line":448},"33":{"loc":{"start":{"line":554,"column":2},"end":{"line":556,"column":3}},"type":"if","locations":[{"start":{"line":554,"column":2},"end":{"line":556,"column":3}},{"start":{"line":554,"column":2},"end":{"line":556,"column":3}}],"line":554},"34":{"loc":{"start":{"line":561,"column":21},"end":{"line":561,"column":63}},"type":"cond-expr","locations":[{"start":{"line":561,"column":45},"end":{"line":561,"column":56}},{"start":{"line":561,"column":59},"end":{"line":561,"column":63}}],"line":561},"35":{"loc":{"start":{"line":562,"column":19},"end":{"line":562,"column":57}},"type":"cond-expr","locations":[{"start":{"line":562,"column":41},"end":{"line":562,"column":50}},{"start":{"line":562,"column":53},"end":{"line":562,"column":57}}],"line":562},"36":{"loc":{"start":{"line":563,"column":26},"end":{"line":563,"column":78}},"type":"cond-expr","locations":[{"start":{"line":563,"column":55},"end":{"line":563,"column":71}},{"start":{"line":563,"column":74},"end":{"line":563,"column":78}}],"line":563},"37":{"loc":{"start":{"line":564,"column":24},"end":{"line":564,"column":72}},"type":"cond-expr","locations":[{"start":{"line":564,"column":51},"end":{"line":564,"column":65}},{"start":{"line":564,"column":68},"end":{"line":564,"column":72}}],"line":564},"38":{"loc":{"start":{"line":565,"column":2},"end":{"line":567,"column":3}},"type":"if","locations":[{"start":{"line":565,"column":2},"end":{"line":567,"column":3}},{"start":{"line":565,"column":2},"end":{"line":567,"column":3}}],"line":565},"39":{"loc":{"start":{"line":565,"column":6},"end":{"line":565,"column":52}},"type":"binary-expr","locations":[{"start":{"line":565,"column":6},"end":{"line":565,"column":37}},{"start":{"line":565,"column":41},"end":{"line":565,"column":52}}],"line":565},"40":{"loc":{"start":{"line":591,"column":2},"end":{"line":602,"column":3}},"type":"switch","locations":[{"start":{"line":592,"column":4},"end":{"line":593,"column":28}},{"start":{"line":594,"column":4},"end":{"line":595,"column":27}},{"start":{"line":596,"column":4},"end":{"line":597,"column":26}},{"start":{"line":598,"column":4},"end":{"line":599,"column":26}},{"start":{"line":600,"column":4},"end":{"line":601,"column":57}}],"line":591},"41":{"loc":{"start":{"line":612,"column":2},"end":{"line":614,"column":3}},"type":"if","locations":[{"start":{"line":612,"column":2},"end":{"line":614,"column":3}},{"start":{"line":612,"column":2},"end":{"line":614,"column":3}}],"line":612},"42":{"loc":{"start":{"line":615,"column":2},"end":{"line":617,"column":3}},"type":"if","locations":[{"start":{"line":615,"column":2},"end":{"line":617,"column":3}},{"start":{"line":615,"column":2},"end":{"line":617,"column":3}}],"line":615},"43":{"loc":{"start":{"line":618,"column":2},"end":{"line":620,"column":3}},"type":"if","locations":[{"start":{"line":618,"column":2},"end":{"line":620,"column":3}},{"start":{"line":618,"column":2},"end":{"line":620,"column":3}}],"line":618},"44":{"loc":{"start":{"line":621,"column":2},"end":{"line":623,"column":3}},"type":"if","locations":[{"start":{"line":621,"column":2},"end":{"line":623,"column":3}},{"start":{"line":621,"column":2},"end":{"line":623,"column":3}}],"line":621},"45":{"loc":{"start":{"line":624,"column":2},"end":{"line":626,"column":3}},"type":"if","locations":[{"start":{"line":624,"column":2},"end":{"line":626,"column":3}},{"start":{"line":624,"column":2},"end":{"line":626,"column":3}}],"line":624},"46":{"loc":{"start":{"line":627,"column":2},"end":{"line":629,"column":3}},"type":"if","locations":[{"start":{"line":627,"column":2},"end":{"line":629,"column":3}},{"start":{"line":627,"column":2},"end":{"line":629,"column":3}}],"line":627},"47":{"loc":{"start":{"line":630,"column":2},"end":{"line":632,"column":3}},"type":"if","locations":[{"start":{"line":630,"column":2},"end":{"line":632,"column":3}},{"start":{"line":630,"column":2},"end":{"line":632,"column":3}}],"line":630},"48":{"loc":{"start":{"line":633,"column":2},"end":{"line":635,"column":3}},"type":"if","locations":[{"start":{"line":633,"column":2},"end":{"line":635,"column":3}},{"start":{"line":633,"column":2},"end":{"line":635,"column":3}}],"line":633},"49":{"loc":{"start":{"line":636,"column":2},"end":{"line":638,"column":3}},"type":"if","locations":[{"start":{"line":636,"column":2},"end":{"line":638,"column":3}},{"start":{"line":636,"column":2},"end":{"line":638,"column":3}}],"line":636},"50":{"loc":{"start":{"line":639,"column":9},"end":{"line":639,"column":44}},"type":"cond-expr","locations":[{"start":{"line":639,"column":31},"end":{"line":639,"column":35}},{"start":{"line":639,"column":38},"end":{"line":639,"column":44}}],"line":639},"51":{"loc":{"start":{"line":646,"column":2},"end":{"line":650,"column":3}},"type":"if","locations":[{"start":{"line":646,"column":2},"end":{"line":650,"column":3}},{"start":{"line":646,"column":2},"end":{"line":650,"column":3}}],"line":646},"52":{"loc":{"start":{"line":657,"column":4},"end":{"line":659,"column":5}},"type":"if","locations":[{"start":{"line":657,"column":4},"end":{"line":659,"column":5}},{"start":{"line":657,"column":4},"end":{"line":659,"column":5}}],"line":657},"53":{"loc":{"start":{"line":657,"column":8},"end":{"line":657,"column":52}},"type":"binary-expr","locations":[{"start":{"line":657,"column":8},"end":{"line":657,"column":29}},{"start":{"line":657,"column":33},"end":{"line":657,"column":52}}],"line":657},"54":{"loc":{"start":{"line":661,"column":4},"end":{"line":666,"column":5}},"type":"if","locations":[{"start":{"line":661,"column":4},"end":{"line":666,"column":5}},{"start":{"line":661,"column":4},"end":{"line":666,"column":5}}],"line":661},"55":{"loc":{"start":{"line":687,"column":4},"end":{"line":689,"column":5}},"type":"if","locations":[{"start":{"line":687,"column":4},"end":{"line":689,"column":5}},{"start":{"line":687,"column":4},"end":{"line":689,"column":5}}],"line":687},"56":{"loc":{"start":{"line":695,"column":2},"end":{"line":697,"column":3}},"type":"if","locations":[{"start":{"line":695,"column":2},"end":{"line":697,"column":3}},{"start":{"line":695,"column":2},"end":{"line":697,"column":3}}],"line":695},"57":{"loc":{"start":{"line":699,"column":2},"end":{"line":701,"column":3}},"type":"if","locations":[{"start":{"line":699,"column":2},"end":{"line":701,"column":3}},{"start":{"line":699,"column":2},"end":{"line":701,"column":3}}],"line":699},"58":{"loc":{"start":{"line":706,"column":4},"end":{"line":712,"column":5}},"type":"if","locations":[{"start":{"line":706,"column":4},"end":{"line":712,"column":5}},{"start":{"line":706,"column":4},"end":{"line":712,"column":5}}],"line":706},"59":{"loc":{"start":{"line":724,"column":9},"end":{"line":724,"column":80}},"type":"binary-expr","locations":[{"start":{"line":724,"column":9},"end":{"line":724,"column":34}},{"start":{"line":724,"column":38},"end":{"line":724,"column":80}}],"line":724}},"s":{"0":1,"1":2,"2":1,"3":1,"4":38,"5":1,"6":1,"7":1,"8":1,"9":1,"10":0,"11":0,"12":0,"13":0,"14":0,"15":0,"16":0,"17":1,"18":1,"19":1,"20":1,"21":0,"22":1,"23":0,"24":1,"25":0,"26":0,"27":0,"28":0,"29":0,"30":19,"31":19,"32":19,"33":19,"34":19,"35":19,"36":19,"37":4,"38":1,"39":0,"40":1,"41":1,"42":1,"43":1,"44":1,"45":0,"46":0,"47":0,"48":1,"49":0,"50":0,"51":0,"52":1,"53":18,"54":18,"55":18,"56":18,"57":18,"58":18,"59":18,"60":18,"61":18,"62":18,"63":18,"64":18,"65":18,"66":0,"67":18,"68":18,"69":1,"70":18,"71":0,"72":18,"73":0,"74":18,"75":18,"76":18,"77":1,"78":18,"79":18,"80":0,"81":0,"82":0,"83":0,"84":1,"85":0,"86":1,"87":19,"88":1,"89":18,"90":0,"91":18,"92":18,"93":18,"94":18,"95":0,"96":0,"97":0,"98":1,"99":0,"100":1,"101":18,"102":18,"103":18,"104":18,"105":17,"106":18,"107":18,"108":1,"109":0,"110":1,"111":0,"112":0,"113":0,"114":0,"115":0,"116":2,"117":2,"118":2,"119":2,"120":1,"121":1,"122":0,"123":0,"124":0,"125":0,"126":0,"127":0,"128":18,"129":0,"130":18,"131":18,"132":18,"133":18,"134":0,"135":0,"136":0,"137":0,"138":18,"139":1,"140":1,"141":1,"142":1,"143":1,"144":1,"145":1,"146":17,"147":0,"148":17,"149":17,"150":17,"151":17,"152":17,"153":17,"154":17,"155":1,"156":1,"157":0,"158":1,"159":1,"160":1,"161":1,"162":1,"163":1,"164":1,"165":1,"166":0,"167":0,"168":0,"169":0,"170":17,"171":17,"172":17,"173":17,"174":17,"175":17,"176":17,"177":17,"178":17,"179":17,"180":17,"181":1,"182":4,"183":1,"184":0,"185":1,"186":1,"187":1,"188":1,"189":1,"190":1,"191":17,"192":0,"193":17,"194":17,"195":17,"196":17,"197":17,"198":17,"199":17,"200":17,"201":17,"202":0,"203":1,"204":0,"205":1,"206":0,"207":1,"208":17,"209":1,"210":17,"211":17,"212":0,"213":0,"214":0,"215":0,"216":1,"217":17,"218":17,"219":17,"220":17,"221":0,"222":17,"223":0,"224":17,"225":0,"226":17,"227":0,"228":17,"229":0,"230":17,"231":0,"232":17,"233":0,"234":17,"235":0,"236":17,"237":1,"238":0,"239":0,"240":0,"241":1,"242":1,"243":9,"244":0,"245":9,"246":9,"247":9,"248":0,"249":1,"250":1,"251":1,"252":1,"253":1,"254":1,"255":1,"256":1,"257":1,"258":1,"259":4525,"260":90,"261":90,"262":90,"263":4525,"264":0,"265":90,"266":90,"267":0,"268":90,"269":90,"270":90,"271":0,"272":0,"273":0,"274":0,"275":0,"276":0,"277":0,"278":0,"279":0,"280":0,"281":1,"282":188,"283":1},"f":{"0":2,"1":1,"2":38,"3":1,"4":0,"5":1,"6":0,"7":0,"8":0,"9":19,"10":4,"11":0,"12":0,"13":0,"14":18,"15":18,"16":18,"17":0,"18":19,"19":0,"20":18,"21":0,"22":0,"23":2,"24":0,"25":0,"26":18,"27":18,"28":1,"29":1,"30":1,"31":17,"32":1,"33":0,"34":17,"35":4,"36":0,"37":17,"38":0,"39":0,"40":17,"41":17,"42":17,"43":0,"44":1,"45":9,"46":4525,"47":90,"48":90,"49":188},"b":{"0":[1,0],"1":[0,0],"2":[0,0],"3":[1,0],"4":[1,1],"5":[0,0],"6":[18,0],"7":[18,0],"8":[18,0],"9":[0,18],"10":[0,18],"11":[0,18],"12":[18,0],"13":[0,0],"14":[1,18],"15":[0,18],"16":[18,18],"17":[0,18],"18":[0,0],"19":[0,0],"20":[17,1],"21":[0,0],"22":[0,0],"23":[0,0],"24":[0,18],"25":[0,18],"26":[0,0],"27":[0,17],"28":[17,0],"29":[0,1],"30":[1,0],"31":[0,0],"32":[0,0],"33":[0,17],"34":[0,17],"35":[0,17],"36":[0,17],"37":[0,17],"38":[0,17],"39":[17,0],"40":[17,0,0,0,0],"41":[17,0],"42":[0,17],"43":[0,17],"44":[0,17],"45":[0,17],"46":[0,17],"47":[0,17],"48":[0,17],"49":[0,17],"50":[0,17],"51":[0,0],"52":[0,9],"53":[9,9],"54":[9,0],"55":[0,4525],"56":[0,90],"57":[90,0],"58":[0,0],"59":[188,188]},"_coverageSchema":"43e27e138ebf9cfc5966b082cf9a028302ed4184","hash":"3d74dde2a50bce1d540f5925682ca7ada0c1d8a8"}
,"C:\\Program Files\\JetBrains\\IntelliJ IDEA 2021.3\\plugins\\JavaScriptLanguage\\helpers\\base-test-reporter\\intellij-util.js": {"path":"C:\\Program Files\\JetBrains\\IntelliJ IDEA 2021.3\\plugins\\JavaScriptLanguage\\helpers\\base-test-reporter\\intellij-util.js","statementMap":{"0":{"start":{"line":1,"column":15},"end":{"line":1,"column":26}},"1":{"start":{"line":8,"column":2},"end":{"line":8,"column":81}},"2":{"start":{"line":19,"column":2},"end":{"line":21,"column":3}},"3":{"start":{"line":20,"column":4},"end":{"line":20,"column":14}},"4":{"start":{"line":22,"column":2},"end":{"line":24,"column":3}},"5":{"start":{"line":23,"column":4},"end":{"line":23,"column":97}},"6":{"start":{"line":25,"column":21},"end":{"line":25,"column":26}},"7":{"start":{"line":26,"column":19},"end":{"line":26,"column":23}},"8":{"start":{"line":27,"column":23},"end":{"line":27,"column":47}},"9":{"start":{"line":28,"column":26},"end":{"line":28,"column":53}},"10":{"start":{"line":29,"column":15},"end":{"line":29,"column":17}},"11":{"start":{"line":34,"column":2},"end":{"line":49,"column":3}},"12":{"start":{"line":34,"column":20},"end":{"line":34,"column":33}},"13":{"start":{"line":35,"column":4},"end":{"line":37,"column":5}},"14":{"start":{"line":36,"column":6},"end":{"line":36,"column":30}},"15":{"start":{"line":38,"column":4},"end":{"line":38,"column":24}},"16":{"start":{"line":39,"column":4},"end":{"line":39,"column":24}},"17":{"start":{"line":40,"column":4},"end":{"line":40,"column":29}},"18":{"start":{"line":41,"column":4},"end":{"line":48,"column":5}},"19":{"start":{"line":41,"column":17},"end":{"line":41,"column":18}},"20":{"start":{"line":42,"column":6},"end":{"line":42,"column":26}},"21":{"start":{"line":43,"column":6},"end":{"line":43,"column":34}},"22":{"start":{"line":44,"column":6},"end":{"line":46,"column":7}},"23":{"start":{"line":45,"column":8},"end":{"line":45,"column":29}},"24":{"start":{"line":47,"column":6},"end":{"line":47,"column":19}},"25":{"start":{"line":50,"column":2},"end":{"line":50,"column":16}},"26":{"start":{"line":53,"column":0},"end":{"line":53,"column":28}},"27":{"start":{"line":54,"column":0},"end":{"line":54,"column":28}}},"fnMap":{"0":{"name":"isString","decl":{"start":{"line":7,"column":9},"end":{"line":7,"column":17}},"loc":{"start":{"line":7,"column":25},"end":{"line":9,"column":1}},"line":7},"1":{"name":"joinList","decl":{"start":{"line":18,"column":9},"end":{"line":18,"column":17}},"loc":{"start":{"line":18,"column":67},"end":{"line":51,"column":1}},"line":18}},"branchMap":{"0":{"loc":{"start":{"line":8,"column":9},"end":{"line":8,"column":80}},"type":"binary-expr","locations":[{"start":{"line":8,"column":9},"end":{"line":8,"column":34}},{"start":{"line":8,"column":38},"end":{"line":8,"column":80}}],"line":8},"1":{"loc":{"start":{"line":19,"column":2},"end":{"line":21,"column":3}},"type":"if","locations":[{"start":{"line":19,"column":2},"end":{"line":21,"column":3}},{"start":{"line":19,"column":2},"end":{"line":21,"column":3}}],"line":19},"2":{"loc":{"start":{"line":22,"column":2},"end":{"line":24,"column":3}},"type":"if","locations":[{"start":{"line":22,"column":2},"end":{"line":24,"column":3}},{"start":{"line":22,"column":2},"end":{"line":24,"column":3}}],"line":22},"3":{"loc":{"start":{"line":35,"column":4},"end":{"line":37,"column":5}},"type":"if","locations":[{"start":{"line":35,"column":4},"end":{"line":37,"column":5}},{"start":{"line":35,"column":4},"end":{"line":37,"column":5}}],"line":35},"4":{"loc":{"start":{"line":44,"column":6},"end":{"line":46,"column":7}},"type":"if","locations":[{"start":{"line":44,"column":6},"end":{"line":46,"column":7}},{"start":{"line":44,"column":6},"end":{"line":46,"column":7}}],"line":44},"5":{"loc":{"start":{"line":44,"column":10},"end":{"line":44,"column":67}},"type":"binary-expr","locations":[{"start":{"line":44,"column":10},"end":{"line":44,"column":38}},{"start":{"line":44,"column":42},"end":{"line":44,"column":67}}],"line":44}},"s":{"0":1,"1":18,"2":18,"3":0,"4":18,"5":0,"6":18,"7":18,"8":18,"9":18,"10":18,"11":18,"12":18,"13":53,"14":35,"15":53,"16":53,"17":53,"18":53,"19":53,"20":2323,"21":2323,"22":2323,"23":144,"24":2323,"25":18,"26":1,"27":1},"f":{"0":18,"1":18},"b":{"0":[18,17],"1":[0,18],"2":[0,18],"3":[35,18],"4":[144,2179],"5":[2323,2287]},"_coverageSchema":"43e27e138ebf9cfc5966b082cf9a028302ed4184","hash":"74cfb537c73cd961d1d1464e383c3bc6605a884d"}
,"C:\\Program Files\\JetBrains\\IntelliJ IDEA 2021.3\\plugins\\JavaScriptLanguage\\helpers\\jest-intellij\\lib\\jest-intellij-util.js": {"path":"C:\\Program Files\\JetBrains\\IntelliJ IDEA 2021.3\\plugins\\JavaScriptLanguage\\helpers\\jest-intellij\\lib\\jest-intellij-util.js","statementMap":{"0":{"start":{"line":1,"column":13},"end":{"line":1,"column":62}},"1":{"start":{"line":2,"column":13},"end":{"line":2,"column":62}},"2":{"start":{"line":3,"column":20},"end":{"line":3,"column":76}},"3":{"start":{"line":4,"column":13},"end":{"line":4,"column":28}},"4":{"start":{"line":5,"column":27},"end":{"line":5,"column":68}},"5":{"start":{"line":6,"column":27},"end":{"line":6,"column":68}},"6":{"start":{"line":9,"column":2},"end":{"line":9,"column":88}},"7":{"start":{"line":13,"column":23},"end":{"line":13,"column":58}},"8":{"start":{"line":14,"column":22},"end":{"line":14,"column":56}},"9":{"start":{"line":15,"column":2},"end":{"line":25,"column":3}},"10":{"start":{"line":16,"column":22},"end":{"line":16,"column":70}},"11":{"start":{"line":17,"column":4},"end":{"line":17,"column":124}},"12":{"start":{"line":18,"column":4},"end":{"line":18,"column":22}},"13":{"start":{"line":19,"column":4},"end":{"line":19,"column":28}},"14":{"start":{"line":21,"column":7},"end":{"line":25,"column":3}},"15":{"start":{"line":22,"column":4},"end":{"line":24,"column":7}},"16":{"start":{"line":23,"column":6},"end":{"line":23,"column":63}},"17":{"start":{"line":26,"column":2},"end":{"line":28,"column":5}},"18":{"start":{"line":27,"column":4},"end":{"line":27,"column":32}},"19":{"start":{"line":29,"column":2},"end":{"line":29,"column":29}},"20":{"start":{"line":33,"column":2},"end":{"line":35,"column":3}},"21":{"start":{"line":34,"column":4},"end":{"line":34,"column":11}},"22":{"start":{"line":36,"column":26},"end":{"line":36,"column":38}},"23":{"start":{"line":37,"column":2},"end":{"line":45,"column":5}},"24":{"start":{"line":38,"column":25},"end":{"line":38,"column":74}},"25":{"start":{"line":39,"column":4},"end":{"line":43,"column":5}},"26":{"start":{"line":40,"column":32},"end":{"line":40,"column":106}},"27":{"start":{"line":41,"column":6},"end":{"line":41,"column":99}},"28":{"start":{"line":42,"column":6},"end":{"line":42,"column":29}},"29":{"start":{"line":44,"column":4},"end":{"line":44,"column":39}},"30":{"start":{"line":46,"column":27},"end":{"line":46,"column":107}},"31":{"start":{"line":47,"column":19},"end":{"line":47,"column":93}},"32":{"start":{"line":48,"column":2},"end":{"line":48,"column":19}},"33":{"start":{"line":49,"column":2},"end":{"line":49,"column":39}},"34":{"start":{"line":53,"column":2},"end":{"line":53,"column":68}},"35":{"start":{"line":58,"column":25},"end":{"line":58,"column":67}},"36":{"start":{"line":59,"column":2},"end":{"line":68,"column":3}},"37":{"start":{"line":60,"column":41},"end":{"line":60,"column":118}},"38":{"start":{"line":61,"column":4},"end":{"line":61,"column":58}},"39":{"start":{"line":62,"column":4},"end":{"line":62,"column":54}},"40":{"start":{"line":63,"column":26},"end":{"line":63,"column":54}},"41":{"start":{"line":64,"column":4},"end":{"line":67,"column":5}},"42":{"start":{"line":65,"column":6},"end":{"line":65,"column":73}},"43":{"start":{"line":66,"column":6},"end":{"line":66,"column":69}},"44":{"start":{"line":69,"column":2},"end":{"line":81,"column":3}},"45":{"start":{"line":70,"column":4},"end":{"line":80,"column":5}},"46":{"start":{"line":71,"column":6},"end":{"line":71,"column":49}},"47":{"start":{"line":74,"column":37},"end":{"line":74,"column":80}},"48":{"start":{"line":75,"column":6},"end":{"line":79,"column":7}},"49":{"start":{"line":76,"column":35},"end":{"line":76,"column":86}},"50":{"start":{"line":77,"column":8},"end":{"line":77,"column":52}},"51":{"start":{"line":78,"column":8},"end":{"line":78,"column":48}},"52":{"start":{"line":82,"column":18},"end":{"line":82,"column":47}},"53":{"start":{"line":83,"column":2},"end":{"line":85,"column":3}},"54":{"start":{"line":84,"column":4},"end":{"line":84,"column":49}},"55":{"start":{"line":86,"column":2},"end":{"line":86,"column":132}},"56":{"start":{"line":87,"column":2},"end":{"line":89,"column":3}},"57":{"start":{"line":88,"column":4},"end":{"line":88,"column":95}},"58":{"start":{"line":90,"column":2},"end":{"line":90,"column":25}},"59":{"start":{"line":94,"column":2},"end":{"line":105,"column":3}},"60":{"start":{"line":95,"column":4},"end":{"line":104,"column":5}},"61":{"start":{"line":96,"column":6},"end":{"line":96,"column":46}},"62":{"start":{"line":99,"column":25},"end":{"line":99,"column":44}},"63":{"start":{"line":100,"column":6},"end":{"line":103,"column":7}},"64":{"start":{"line":101,"column":8},"end":{"line":101,"column":51}},"65":{"start":{"line":102,"column":8},"end":{"line":102,"column":29}},"66":{"start":{"line":106,"column":2},"end":{"line":106,"column":44}},"67":{"start":{"line":110,"column":16},"end":{"line":110,"column":52}},"68":{"start":{"line":111,"column":22},"end":{"line":111,"column":74}},"69":{"start":{"line":111,"column":46},"end":{"line":111,"column":73}},"70":{"start":{"line":112,"column":2},"end":{"line":114,"column":3}},"71":{"start":{"line":113,"column":4},"end":{"line":113,"column":46}},"72":{"start":{"line":115,"column":2},"end":{"line":118,"column":3}},"73":{"start":{"line":129,"column":14},"end":{"line":129,"column":24}},"74":{"start":{"line":129,"column":30},"end":{"line":129,"column":40}},"75":{"start":{"line":130,"column":2},"end":{"line":133,"column":3}},"76":{"start":{"line":131,"column":4},"end":{"line":131,"column":23}},"77":{"start":{"line":132,"column":4},"end":{"line":132,"column":17}},"78":{"start":{"line":134,"column":2},"end":{"line":134,"column":33}},"79":{"start":{"line":135,"column":2},"end":{"line":135,"column":18}},"80":{"start":{"line":136,"column":2},"end":{"line":136,"column":52}},"81":{"start":{"line":144,"column":2},"end":{"line":146,"column":3}},"82":{"start":{"line":145,"column":4},"end":{"line":145,"column":36}},"83":{"start":{"line":147,"column":2},"end":{"line":149,"column":3}},"84":{"start":{"line":148,"column":4},"end":{"line":148,"column":36}},"85":{"start":{"line":150,"column":2},"end":{"line":152,"column":3}},"86":{"start":{"line":151,"column":4},"end":{"line":151,"column":36}},"87":{"start":{"line":153,"column":2},"end":{"line":153,"column":33}},"88":{"start":{"line":157,"column":14},"end":{"line":157,"column":57}},"89":{"start":{"line":158,"column":2},"end":{"line":168,"column":3}},"90":{"start":{"line":159,"column":4},"end":{"line":159,"column":28}},"91":{"start":{"line":162,"column":4},"end":{"line":167,"column":5}},"92":{"start":{"line":163,"column":6},"end":{"line":163,"column":30}},"93":{"start":{"line":172,"column":2},"end":{"line":178,"column":4}},"94":{"start":{"line":173,"column":4},"end":{"line":177,"column":5}},"95":{"start":{"line":174,"column":6},"end":{"line":174,"column":39}},"96":{"start":{"line":176,"column":6},"end":{"line":176,"column":41}},"97":{"start":{"line":181,"column":0},"end":{"line":181,"column":42}},"98":{"start":{"line":182,"column":0},"end":{"line":182,"column":54}},"99":{"start":{"line":183,"column":0},"end":{"line":183,"column":44}},"100":{"start":{"line":184,"column":0},"end":{"line":184,"column":20}},"101":{"start":{"line":185,"column":0},"end":{"line":185,"column":24}},"102":{"start":{"line":186,"column":0},"end":{"line":186,"column":42}},"103":{"start":{"line":188,"column":0},"end":{"line":194,"column":2}},"104":{"start":{"line":189,"column":18},"end":{"line":189,"column":20}},"105":{"start":{"line":190,"column":2},"end":{"line":192,"column":3}},"106":{"start":{"line":191,"column":4},"end":{"line":191,"column":106}},"107":{"start":{"line":193,"column":2},"end":{"line":193,"column":17}},"108":{"start":{"line":195,"column":0},"end":{"line":199,"column":2}},"109":{"start":{"line":196,"column":2},"end":{"line":198,"column":3}},"110":{"start":{"line":197,"column":4},"end":{"line":197,"column":66}},"111":{"start":{"line":200,"column":0},"end":{"line":200,"column":77}},"112":{"start":{"line":202,"column":0},"end":{"line":204,"column":1}},"113":{"start":{"line":203,"column":2},"end":{"line":203,"column":73}},"114":{"start":{"line":207,"column":2},"end":{"line":207,"column":31}},"115":{"start":{"line":211,"column":2},"end":{"line":216,"column":3}},"116":{"start":{"line":212,"column":18},"end":{"line":212,"column":46}},"117":{"start":{"line":213,"column":4},"end":{"line":215,"column":59}},"118":{"start":{"line":217,"column":2},"end":{"line":217,"column":15}},"119":{"start":{"line":220,"column":0},"end":{"line":220,"column":74}},"120":{"start":{"line":221,"column":0},"end":{"line":221,"column":74}}},"fnMap":{"0":{"name":"addTestFileNode","decl":{"start":{"line":8,"column":9},"end":{"line":8,"column":24}},"loc":{"start":{"line":8,"column":45},"end":{"line":10,"column":1}},"line":8},"1":{"name":"reportTestFileResults","decl":{"start":{"line":12,"column":9},"end":{"line":12,"column":30}},"loc":{"start":{"line":12,"column":89},"end":{"line":30,"column":1}},"line":12},"2":{"name":"(anonymous_2)","decl":{"start":{"line":22,"column":24},"end":{"line":22,"column":25}},"loc":{"start":{"line":22,"column":46},"end":{"line":24,"column":5}},"line":22},"3":{"name":"(anonymous_3)","decl":{"start":{"line":26,"column":32},"end":{"line":26,"column":33}},"loc":{"start":{"line":26,"column":53},"end":{"line":28,"column":3}},"line":26},"4":{"name":"reportSpecResult","decl":{"start":{"line":32,"column":9},"end":{"line":32,"column":25}},"loc":{"start":{"line":32,"column":66},"end":{"line":50,"column":1}},"line":32},"5":{"name":"(anonymous_5)","decl":{"start":{"line":37,"column":36},"end":{"line":37,"column":37}},"loc":{"start":{"line":37,"column":58},"end":{"line":45,"column":3}},"line":37},"6":{"name":"getFirstElement","decl":{"start":{"line":52,"column":9},"end":{"line":52,"column":24}},"loc":{"start":{"line":52,"column":32},"end":{"line":54,"column":1}},"line":52},"7":{"name":"finishSpecNode","decl":{"start":{"line":56,"column":9},"end":{"line":56,"column":23}},"loc":{"start":{"line":56,"column":46},"end":{"line":91,"column":1}},"line":56},"8":{"name":"normalizeFailureMessageAndStack","decl":{"start":{"line":93,"column":9},"end":{"line":93,"column":40}},"loc":{"start":{"line":93,"column":57},"end":{"line":107,"column":1}},"line":93},"9":{"name":"splitFailureMessageAndStack","decl":{"start":{"line":109,"column":9},"end":{"line":109,"column":36}},"loc":{"start":{"line":109,"column":61},"end":{"line":119,"column":1}},"line":109},"10":{"name":"(anonymous_10)","decl":{"start":{"line":111,"column":38},"end":{"line":111,"column":39}},"loc":{"start":{"line":111,"column":46},"end":{"line":111,"column":73}},"line":111},"11":{"name":"getLocationPath","decl":{"start":{"line":128,"column":9},"end":{"line":128,"column":24}},"loc":{"start":{"line":128,"column":75},"end":{"line":137,"column":1}},"line":128},"12":{"name":"getOutcome","decl":{"start":{"line":143,"column":9},"end":{"line":143,"column":19}},"loc":{"start":{"line":143,"column":28},"end":{"line":154,"column":1}},"line":143},"13":{"name":"warn","decl":{"start":{"line":156,"column":9},"end":{"line":156,"column":13}},"loc":{"start":{"line":156,"column":23},"end":{"line":169,"column":1}},"line":156},"14":{"name":"safeFn","decl":{"start":{"line":171,"column":9},"end":{"line":171,"column":15}},"loc":{"start":{"line":171,"column":20},"end":{"line":179,"column":1}},"line":171},"15":{"name":"(anonymous_15)","decl":{"start":{"line":172,"column":9},"end":{"line":172,"column":10}},"loc":{"start":{"line":172,"column":21},"end":{"line":178,"column":3}},"line":172},"16":{"name":"(anonymous_16)","decl":{"start":{"line":188,"column":24},"end":{"line":188,"column":25}},"loc":{"start":{"line":188,"column":72},"end":{"line":194,"column":1}},"line":188},"17":{"name":"(anonymous_17)","decl":{"start":{"line":195,"column":50},"end":{"line":195,"column":51}},"loc":{"start":{"line":195,"column":62},"end":{"line":199,"column":1}},"line":195},"18":{"name":"(anonymous_18)","decl":{"start":{"line":202,"column":28},"end":{"line":202,"column":29}},"loc":{"start":{"line":202,"column":34},"end":{"line":204,"column":1}},"line":202},"19":{"name":"splitByLines","decl":{"start":{"line":206,"column":9},"end":{"line":206,"column":21}},"loc":{"start":{"line":206,"column":28},"end":{"line":208,"column":1}},"line":206},"20":{"name":"containsExpectedAndActualValues","decl":{"start":{"line":210,"column":9},"end":{"line":210,"column":40}},"loc":{"start":{"line":210,"column":57},"end":{"line":218,"column":1}},"line":210}},"branchMap":{"0":{"loc":{"start":{"line":15,"column":2},"end":{"line":25,"column":3}},"type":"if","locations":[{"start":{"line":15,"column":2},"end":{"line":25,"column":3}},{"start":{"line":15,"column":2},"end":{"line":25,"column":3}}],"line":15},"1":{"loc":{"start":{"line":15,"column":6},"end":{"line":15,"column":122}},"type":"binary-expr","locations":[{"start":{"line":15,"column":6},"end":{"line":15,"column":63}},{"start":{"line":15,"column":67},"end":{"line":15,"column":122}}],"line":15},"2":{"loc":{"start":{"line":15,"column":69},"end":{"line":15,"column":121}},"type":"binary-expr","locations":[{"start":{"line":15,"column":69},"end":{"line":15,"column":95}},{"start":{"line":15,"column":99},"end":{"line":15,"column":121}}],"line":15},"3":{"loc":{"start":{"line":21,"column":7},"end":{"line":25,"column":3}},"type":"if","locations":[{"start":{"line":21,"column":7},"end":{"line":25,"column":3}},{"start":{"line":21,"column":7},"end":{"line":25,"column":3}}],"line":21},"4":{"loc":{"start":{"line":33,"column":2},"end":{"line":35,"column":3}},"type":"if","locations":[{"start":{"line":33,"column":2},"end":{"line":35,"column":3}},{"start":{"line":33,"column":2},"end":{"line":35,"column":3}}],"line":33},"5":{"loc":{"start":{"line":39,"column":4},"end":{"line":43,"column":5}},"type":"if","locations":[{"start":{"line":39,"column":4},"end":{"line":43,"column":5}},{"start":{"line":39,"column":4},"end":{"line":43,"column":5}}],"line":39},"6":{"loc":{"start":{"line":39,"column":10},"end":{"line":39,"column":77}},"type":"binary-expr","locations":[{"start":{"line":39,"column":10},"end":{"line":39,"column":24}},{"start":{"line":39,"column":28},"end":{"line":39,"column":77}}],"line":39},"7":{"loc":{"start":{"line":53,"column":9},"end":{"line":53,"column":67}},"type":"cond-expr","locations":[{"start":{"line":53,"column":52},"end":{"line":53,"column":60}},{"start":{"line":53,"column":63},"end":{"line":53,"column":67}}],"line":53},"8":{"loc":{"start":{"line":53,"column":9},"end":{"line":53,"column":49}},"type":"binary-expr","locations":[{"start":{"line":53,"column":9},"end":{"line":53,"column":29}},{"start":{"line":53,"column":33},"end":{"line":53,"column":49}}],"line":53},"9":{"loc":{"start":{"line":59,"column":2},"end":{"line":68,"column":3}},"type":"if","locations":[{"start":{"line":59,"column":2},"end":{"line":68,"column":3}},{"start":{"line":59,"column":2},"end":{"line":68,"column":3}}],"line":59},"10":{"loc":{"start":{"line":64,"column":4},"end":{"line":67,"column":5}},"type":"if","locations":[{"start":{"line":64,"column":4},"end":{"line":67,"column":5}},{"start":{"line":64,"column":4},"end":{"line":67,"column":5}}],"line":64},"11":{"loc":{"start":{"line":64,"column":8},"end":{"line":64,"column":72}},"type":"binary-expr","locations":[{"start":{"line":64,"column":8},"end":{"line":64,"column":21}},{"start":{"line":64,"column":25},"end":{"line":64,"column":72}}],"line":64},"12":{"loc":{"start":{"line":69,"column":2},"end":{"line":81,"column":3}},"type":"if","locations":[{"start":{"line":69,"column":2},"end":{"line":81,"column":3}},{"start":{"line":69,"column":2},"end":{"line":81,"column":3}}],"line":69},"13":{"loc":{"start":{"line":70,"column":4},"end":{"line":80,"column":5}},"type":"if","locations":[{"start":{"line":70,"column":4},"end":{"line":80,"column":5}},{"start":{"line":70,"column":4},"end":{"line":80,"column":5}}],"line":70},"14":{"loc":{"start":{"line":75,"column":6},"end":{"line":79,"column":7}},"type":"if","locations":[{"start":{"line":75,"column":6},"end":{"line":79,"column":7}},{"start":{"line":75,"column":6},"end":{"line":79,"column":7}}],"line":75},"15":{"loc":{"start":{"line":75,"column":10},"end":{"line":75,"column":81}},"type":"binary-expr","locations":[{"start":{"line":75,"column":10},"end":{"line":75,"column":40}},{"start":{"line":75,"column":44},"end":{"line":75,"column":81}}],"line":75},"16":{"loc":{"start":{"line":83,"column":2},"end":{"line":85,"column":3}},"type":"if","locations":[{"start":{"line":83,"column":2},"end":{"line":85,"column":3}},{"start":{"line":83,"column":2},"end":{"line":85,"column":3}}],"line":83},"17":{"loc":{"start":{"line":83,"column":6},"end":{"line":83,"column":75}},"type":"binary-expr","locations":[{"start":{"line":83,"column":6},"end":{"line":83,"column":41}},{"start":{"line":83,"column":45},"end":{"line":83,"column":75}}],"line":83},"18":{"loc":{"start":{"line":87,"column":2},"end":{"line":89,"column":3}},"type":"if","locations":[{"start":{"line":87,"column":2},"end":{"line":89,"column":3}},{"start":{"line":87,"column":2},"end":{"line":89,"column":3}}],"line":87},"19":{"loc":{"start":{"line":94,"column":2},"end":{"line":105,"column":3}},"type":"if","locations":[{"start":{"line":94,"column":2},"end":{"line":105,"column":3}},{"start":{"line":94,"column":2},"end":{"line":105,"column":3}}],"line":94},"20":{"loc":{"start":{"line":94,"column":6},"end":{"line":94,"column":74}},"type":"binary-expr","locations":[{"start":{"line":94,"column":6},"end":{"line":94,"column":28}},{"start":{"line":94,"column":32},"end":{"line":94,"column":52}},{"start":{"line":94,"column":56},"end":{"line":94,"column":74}}],"line":94},"21":{"loc":{"start":{"line":95,"column":4},"end":{"line":104,"column":5}},"type":"if","locations":[{"start":{"line":95,"column":4},"end":{"line":104,"column":5}},{"start":{"line":95,"column":4},"end":{"line":104,"column":5}}],"line":95},"22":{"loc":{"start":{"line":100,"column":6},"end":{"line":103,"column":7}},"type":"if","locations":[{"start":{"line":100,"column":6},"end":{"line":103,"column":7}},{"start":{"line":100,"column":6},"end":{"line":103,"column":7}}],"line":100},"23":{"loc":{"start":{"line":112,"column":2},"end":{"line":114,"column":3}},"type":"if","locations":[{"start":{"line":112,"column":2},"end":{"line":114,"column":3}},{"start":{"line":112,"column":2},"end":{"line":114,"column":3}}],"line":112},"24":{"loc":{"start":{"line":134,"column":13},"end":{"line":134,"column":31}},"type":"binary-expr","locations":[{"start":{"line":134,"column":13},"end":{"line":134,"column":25}},{"start":{"line":134,"column":29},"end":{"line":134,"column":31}}],"line":134},"25":{"loc":{"start":{"line":144,"column":2},"end":{"line":146,"column":3}},"type":"if","locations":[{"start":{"line":144,"column":2},"end":{"line":146,"column":3}},{"start":{"line":144,"column":2},"end":{"line":146,"column":3}}],"line":144},"26":{"loc":{"start":{"line":147,"column":2},"end":{"line":149,"column":3}},"type":"if","locations":[{"start":{"line":147,"column":2},"end":{"line":149,"column":3}},{"start":{"line":147,"column":2},"end":{"line":149,"column":3}}],"line":147},"27":{"loc":{"start":{"line":147,"column":6},"end":{"line":147,"column":51}},"type":"binary-expr","locations":[{"start":{"line":147,"column":6},"end":{"line":147,"column":26}},{"start":{"line":147,"column":30},"end":{"line":147,"column":51}}],"line":147},"28":{"loc":{"start":{"line":150,"column":2},"end":{"line":152,"column":3}},"type":"if","locations":[{"start":{"line":150,"column":2},"end":{"line":152,"column":3}},{"start":{"line":150,"column":2},"end":{"line":152,"column":3}}],"line":150},"29":{"loc":{"start":{"line":190,"column":2},"end":{"line":192,"column":3}},"type":"if","locations":[{"start":{"line":190,"column":2},"end":{"line":192,"column":3}},{"start":{"line":190,"column":2},"end":{"line":192,"column":3}}],"line":190},"30":{"loc":{"start":{"line":196,"column":2},"end":{"line":198,"column":3}},"type":"if","locations":[{"start":{"line":196,"column":2},"end":{"line":198,"column":3}},{"start":{"line":196,"column":2},"end":{"line":198,"column":3}}],"line":196},"31":{"loc":{"start":{"line":211,"column":2},"end":{"line":216,"column":3}},"type":"if","locations":[{"start":{"line":211,"column":2},"end":{"line":216,"column":3}},{"start":{"line":211,"column":2},"end":{"line":216,"column":3}}],"line":211},"32":{"loc":{"start":{"line":213,"column":11},"end":{"line":215,"column":58}},"type":"binary-expr","locations":[{"start":{"line":213,"column":11},"end":{"line":213,"column":28}},{"start":{"line":214,"column":11},"end":{"line":214,"column":58}},{"start":{"line":215,"column":11},"end":{"line":215,"column":58}}],"line":213}},"s":{"0":1,"1":1,"2":1,"3":1,"4":1,"5":1,"6":0,"7":0,"8":0,"9":0,"10":0,"11":0,"12":0,"13":0,"14":0,"15":0,"16":0,"17":0,"18":0,"19":0,"20":0,"21":0,"22":0,"23":0,"24":0,"25":0,"26":0,"27":0,"28":0,"29":0,"30":0,"31":0,"32":0,"33":0,"34":0,"35":0,"36":0,"37":0,"38":0,"39":0,"40":0,"41":0,"42":0,"43":0,"44":0,"45":0,"46":0,"47":0,"48":0,"49":0,"50":0,"51":0,"52":0,"53":0,"54":0,"55":0,"56":0,"57":0,"58":0,"59":0,"60":0,"61":0,"62":0,"63":0,"64":0,"65":0,"66":0,"67":0,"68":0,"69":0,"70":0,"71":0,"72":0,"73":18,"74":18,"75":18,"76":17,"77":17,"78":18,"79":18,"80":18,"81":0,"82":0,"83":0,"84":0,"85":0,"86":0,"87":0,"88":0,"89":0,"90":0,"91":0,"92":0,"93":0,"94":0,"95":0,"96":0,"97":1,"98":1,"99":1,"100":1,"101":1,"102":1,"103":1,"104":0,"105":0,"106":0,"107":0,"108":1,"109":1,"110":0,"111":1,"112":1,"113":0,"114":0,"115":0,"116":0,"117":0,"118":0,"119":1,"120":1},"f":{"0":0,"1":0,"2":0,"3":0,"4":0,"5":0,"6":0,"7":0,"8":0,"9":0,"10":0,"11":18,"12":0,"13":0,"14":0,"15":0,"16":0,"17":1,"18":0,"19":0,"20":0},"b":{"0":[0,0],"1":[0,0],"2":[0,0],"3":[0,0],"4":[0,0],"5":[0,0],"6":[0,0],"7":[0,0],"8":[0,0],"9":[0,0],"10":[0,0],"11":[0,0],"12":[0,0],"13":[0,0],"14":[0,0],"15":[0,0],"16":[0,0],"17":[0,0],"18":[0,0],"19":[0,0],"20":[0,0,0],"21":[0,0],"22":[0,0],"23":[0,0],"24":[18,0],"25":[0,0],"26":[0,0],"27":[0,0],"28":[0,0],"29":[0,0],"30":[0,1],"31":[0,0],"32":[0,0,0]},"_coverageSchema":"43e27e138ebf9cfc5966b082cf9a028302ed4184","hash":"a5d22a66b8614a9b1e3405bc0af0efca9c70869a"}
,"E:\\vinay_workspace\\GildedRose\\GildedRose-Refactoring-Kata\\js-jest\\src\\gilded_rose.js": {"path":"E:\\vinay_workspace\\GildedRose\\GildedRose-Refactoring-Kata\\js-jest\\src\\gilded_rose.js","statementMap":{"0":{"start":{"line":3,"column":4},"end":{"line":3,"column":21}},"1":{"start":{"line":4,"column":4},"end":{"line":4,"column":25}},"2":{"start":{"line":5,"column":4},"end":{"line":5,"column":27}},"3":{"start":{"line":11,"column":4},"end":{"line":11,"column":23}},"4":{"start":{"line":14,"column":4},"end":{"line":45,"column":5}},"5":{"start":{"line":14,"column":17},"end":{"line":14,"column":18}},"6":{"start":{"line":16,"column":6},"end":{"line":16,"column":32}},"7":{"start":{"line":17,"column":6},"end":{"line":17,"column":72}},"8":{"start":{"line":17,"column":63},"end":{"line":17,"column":72}},"9":{"start":{"line":18,"column":6},"end":{"line":44,"column":7}},"10":{"start":{"line":19,"column":8},"end":{"line":33,"column":9}},"11":{"start":{"line":20,"column":10},"end":{"line":20,"column":36}},"12":{"start":{"line":22,"column":13},"end":{"line":33,"column":9}},"13":{"start":{"line":24,"column":10},"end":{"line":24,"column":92}},"14":{"start":{"line":24,"column":42},"end":{"line":24,"column":92}},"15":{"start":{"line":26,"column":13},"end":{"line":33,"column":9}},"16":{"start":{"line":28,"column":10},"end":{"line":28,"column":92}},"17":{"start":{"line":28,"column":42},"end":{"line":28,"column":92}},"18":{"start":{"line":32,"column":10},"end":{"line":32,"column":92}},"19":{"start":{"line":32,"column":42},"end":{"line":32,"column":92}},"20":{"start":{"line":35,"column":11},"end":{"line":44,"column":7}},"21":{"start":{"line":36,"column":8},"end":{"line":36,"column":90}},"22":{"start":{"line":36,"column":40},"end":{"line":36,"column":90}},"23":{"start":{"line":39,"column":34},"end":{"line":39,"column":67}},"24":{"start":{"line":40,"column":31},"end":{"line":42,"column":55}},"25":{"start":{"line":43,"column":8},"end":{"line":43,"column":72}},"26":{"start":{"line":43,"column":33},"end":{"line":43,"column":72}},"27":{"start":{"line":47,"column":4},"end":{"line":47,"column":22}},"28":{"start":{"line":51,"column":0},"end":{"line":54,"column":1}}},"fnMap":{"0":{"name":"(anonymous_0)","decl":{"start":{"line":2,"column":2},"end":{"line":2,"column":3}},"loc":{"start":{"line":2,"column":36},"end":{"line":6,"column":3}},"line":2},"1":{"name":"(anonymous_1)","decl":{"start":{"line":10,"column":2},"end":{"line":10,"column":3}},"loc":{"start":{"line":10,"column":23},"end":{"line":12,"column":3}},"line":10},"2":{"name":"(anonymous_2)","decl":{"start":{"line":13,"column":2},"end":{"line":13,"column":3}},"loc":{"start":{"line":13,"column":18},"end":{"line":48,"column":3}},"line":13}},"branchMap":{"0":{"loc":{"start":{"line":10,"column":14},"end":{"line":10,"column":22}},"type":"default-arg","locations":[{"start":{"line":10,"column":20},"end":{"line":10,"column":22}}],"line":10},"1":{"loc":{"start":{"line":17,"column":6},"end":{"line":17,"column":72}},"type":"if","locations":[{"start":{"line":17,"column":6},"end":{"line":17,"column":72}},{"start":{"line":17,"column":6},"end":{"line":17,"column":72}}],"line":17},"2":{"loc":{"start":{"line":18,"column":6},"end":{"line":44,"column":7}},"type":"if","locations":[{"start":{"line":18,"column":6},"end":{"line":44,"column":7}},{"start":{"line":18,"column":6},"end":{"line":44,"column":7}}],"line":18},"3":{"loc":{"start":{"line":19,"column":8},"end":{"line":33,"column":9}},"type":"if","locations":[{"start":{"line":19,"column":8},"end":{"line":33,"column":9}},{"start":{"line":19,"column":8},"end":{"line":33,"column":9}}],"line":19},"4":{"loc":{"start":{"line":22,"column":13},"end":{"line":33,"column":9}},"type":"if","locations":[{"start":{"line":22,"column":13},"end":{"line":33,"column":9}},{"start":{"line":22,"column":13},"end":{"line":33,"column":9}}],"line":22},"5":{"loc":{"start":{"line":24,"column":10},"end":{"line":24,"column":92}},"type":"if","locations":[{"start":{"line":24,"column":10},"end":{"line":24,"column":92}},{"start":{"line":24,"column":10},"end":{"line":24,"column":92}}],"line":24},"6":{"loc":{"start":{"line":26,"column":13},"end":{"line":33,"column":9}},"type":"if","locations":[{"start":{"line":26,"column":13},"end":{"line":33,"column":9}},{"start":{"line":26,"column":13},"end":{"line":33,"column":9}}],"line":26},"7":{"loc":{"start":{"line":28,"column":10},"end":{"line":28,"column":92}},"type":"if","locations":[{"start":{"line":28,"column":10},"end":{"line":28,"column":92}},{"start":{"line":28,"column":10},"end":{"line":28,"column":92}}],"line":28},"8":{"loc":{"start":{"line":32,"column":10},"end":{"line":32,"column":92}},"type":"if","locations":[{"start":{"line":32,"column":10},"end":{"line":32,"column":92}},{"start":{"line":32,"column":10},"end":{"line":32,"column":92}}],"line":32},"9":{"loc":{"start":{"line":35,"column":11},"end":{"line":44,"column":7}},"type":"if","locations":[{"start":{"line":35,"column":11},"end":{"line":44,"column":7}},{"start":{"line":35,"column":11},"end":{"line":44,"column":7}}],"line":35},"10":{"loc":{"start":{"line":36,"column":8},"end":{"line":36,"column":90}},"type":"if","locations":[{"start":{"line":36,"column":8},"end":{"line":36,"column":90}},{"start":{"line":36,"column":8},"end":{"line":36,"column":90}}],"line":36},"11":{"loc":{"start":{"line":39,"column":34},"end":{"line":39,"column":67}},"type":"cond-expr","locations":[{"start":{"line":39,"column":62},"end":{"line":39,"column":63}},{"start":{"line":39,"column":66},"end":{"line":39,"column":67}}],"line":39},"12":{"loc":{"start":{"line":40,"column":31},"end":{"line":42,"column":55}},"type":"cond-expr","locations":[{"start":{"line":41,"column":14},"end":{"line":41,"column":61}},{"start":{"line":42,"column":14},"end":{"line":42,"column":55}}],"line":40},"13":{"loc":{"start":{"line":43,"column":8},"end":{"line":43,"column":72}},"type":"if","locations":[{"start":{"line":43,"column":8},"end":{"line":43,"column":72}},{"start":{"line":43,"column":8},"end":{"line":43,"column":72}}],"line":43}},"s":{"0":17,"1":17,"2":17,"3":17,"4":17,"5":17,"6":17,"7":17,"8":2,"9":15,"10":7,"11":1,"12":6,"13":2,"14":1,"15":4,"16":2,"17":1,"18":2,"19":1,"20":8,"21":2,"22":1,"23":6,"24":6,"25":6,"26":4,"27":17,"28":1},"f":{"0":17,"1":17,"2":17},"b":{"0":[0],"1":[2,15],"2":[7,8],"3":[1,6],"4":[2,4],"5":[1,1],"6":[2,2],"7":[1,1],"8":[1,1],"9":[2,6],"10":[1,1],"11":[4,2],"12":[2,4],"13":[4,2]},"_coverageSchema":"43e27e138ebf9cfc5966b082cf9a028302ed4184","hash":"95ea126df80d57393c7ab8ca85bc17474866cf4c"}
}
