TN:
SF:C:\Program Files\JetBrains\IntelliJ IDEA 2021.3\plugins\JavaScriptLanguage\helpers\base-test-reporter\intellij-stringifier.js
FN:7,stringify
FN:19,doStringify
FN:31,(anonymous_2)
FN:42,(anonymous_3)
FN:47,isObject
FN:51,deepCopyAndNormalize
FN:53,doCopy
FN:70,(anonymous_7)
FN:79,(anonymous_8)
FNF:9
FNH:0
FNDA:0,stringify
FNDA:0,doStringify
FNDA:0,(anonymous_2)
FNDA:0,(anonymous_3)
FNDA:0,isObject
FNDA:0,deepCopyAndNormalize
FNDA:0,doCopy
FNDA:0,(anonymous_7)
FNDA:0,(anonymous_8)
DA:1,1
DA:8,0
DA:9,0
DA:10,0
DA:12,0
DA:20,0
DA:21,0
DA:23,0
DA:24,0
DA:25,0
DA:27,0
DA:28,0
DA:31,0
DA:32,0
DA:34,0
DA:35,0
DA:37,0
DA:39,0
DA:41,0
DA:42,0
DA:44,0
DA:48,0
DA:52,0
DA:53,0
DA:54,0
DA:55,0
DA:57,0
DA:58,0
DA:60,0
DA:61,0
DA:64,0
DA:65,0
DA:67,0
DA:69,0
DA:70,0
DA:71,0
DA:75,0
DA:76,0
DA:77,0
DA:78,0
DA:79,0
DA:80,0
DA:82,0
DA:85,0
DA:89,1
LF:45
LH:2
BRDA:9,0,0,0
BRDA:9,0,1,0
BRDA:20,1,0,0
BRDA:20,1,1,0
BRDA:24,2,0,0
BRDA:24,2,1,0
BRDA:27,3,0,0
BRDA:27,3,1,0
BRDA:32,4,0,0
BRDA:32,4,1,0
BRDA:34,5,0,0
BRDA:34,5,1,0
BRDA:41,6,0,0
BRDA:41,6,1,0
BRDA:54,7,0,0
BRDA:54,7,1,0
BRDA:57,8,0,0
BRDA:57,8,1,0
BRDA:57,9,0,0
BRDA:57,9,1,0
BRDA:57,9,2,0
BRDA:60,10,0,0
BRDA:60,10,1,0
BRDA:64,11,0,0
BRDA:64,11,1,0
BRDA:69,12,0,0
BRDA:69,12,1,0
BRDA:75,13,0,0
BRDA:75,13,1,0
BRF:29
BRH:0
end_of_record
TN:
SF:C:\Program Files\JetBrains\IntelliJ IDEA 2021.3\plugins\JavaScriptLanguage\helpers\base-test-reporter\intellij-tree.js
FN:3,inherit
FN:15,Tree
FN:21,(anonymous_2)
FN:37,(anonymous_3)
FN:41,(anonymous_4)
FN:53,(anonymous_5)
FN:59,(anonymous_6)
FN:63,(anonymous_7)
FN:67,(anonymous_8)
FN:88,Node
FN:131,NodeState
FN:134,(anonymous_11)
FN:147,(anonymous_12)
FN:157,(anonymous_13)
FN:169,(anonymous_14)
FN:198,(anonymous_15)
FN:215,(anonymous_16)
FN:231,(anonymous_17)
FN:240,(anonymous_18)
FN:261,(anonymous_19)
FN:269,(anonymous_20)
FN:285,(anonymous_21)
FN:289,(anonymous_22)
FN:310,TestSuiteNode
FN:336,(anonymous_24)
FN:340,(anonymous_25)
FN:351,getChildrenByName
FN:361,addChildNode
FN:380,(anonymous_28)
FN:388,(anonymous_29)
FN:396,(anonymous_30)
FN:407,(anonymous_31)
FN:428,(anonymous_32)
FN:445,(anonymous_33)
FN:465,TestNode
FN:526,TestOutcome
FN:529,(anonymous_36)
FN:551,(anonymous_37)
FN:570,(anonymous_38)
FN:574,(anonymous_39)
FN:582,(anonymous_40)
FN:590,(anonymous_41)
FN:610,(anonymous_42)
FN:645,(anonymous_43)
FN:653,(anonymous_44)
FN:656,addMapping
FN:679,(anonymous_46)
FN:684,isAttributeValueEscapingNeeded
FN:694,escapeAttributeValue
FN:723,isString
FNF:50
FNH:32
FNDA:2,inherit
FNDA:1,Tree
FNDA:38,(anonymous_2)
FNDA:1,(anonymous_3)
FNDA:0,(anonymous_4)
FNDA:1,(anonymous_5)
FNDA:0,(anonymous_6)
FNDA:0,(anonymous_7)
FNDA:0,(anonymous_8)
FNDA:19,Node
FNDA:4,NodeState
FNDA:0,(anonymous_11)
FNDA:0,(anonymous_12)
FNDA:0,(anonymous_13)
FNDA:18,(anonymous_14)
FNDA:18,(anonymous_15)
FNDA:18,(anonymous_16)
FNDA:0,(anonymous_17)
FNDA:19,(anonymous_18)
FNDA:0,(anonymous_19)
FNDA:18,(anonymous_20)
FNDA:0,(anonymous_21)
FNDA:0,(anonymous_22)
FNDA:2,TestSuiteNode
FNDA:0,(anonymous_24)
FNDA:0,(anonymous_25)
FNDA:18,getChildrenByName
FNDA:18,addChildNode
FNDA:1,(anonymous_28)
FNDA:1,(anonymous_29)
FNDA:1,(anonymous_30)
FNDA:17,(anonymous_31)
FNDA:1,(anonymous_32)
FNDA:0,(anonymous_33)
FNDA:17,TestNode
FNDA:4,TestOutcome
FNDA:0,(anonymous_36)
FNDA:17,(anonymous_37)
FNDA:0,(anonymous_38)
FNDA:0,(anonymous_39)
FNDA:17,(anonymous_40)
FNDA:17,(anonymous_41)
FNDA:17,(anonymous_42)
FNDA:0,(anonymous_43)
FNDA:1,(anonymous_44)
FNDA:9,addMapping
FNDA:4525,(anonymous_46)
FNDA:90,isAttributeValueEscapingNeeded
FNDA:90,escapeAttributeValue
FNDA:188,isString
DA:1,1
DA:4,2
DA:16,1
DA:21,1
DA:22,38
DA:29,1
DA:34,1
DA:37,1
DA:38,1
DA:41,1
DA:42,0
DA:43,0
DA:44,0
DA:46,0
DA:47,0
DA:49,0
DA:50,0
DA:53,1
DA:54,1
DA:55,1
DA:59,1
DA:60,0
DA:63,1
DA:64,0
DA:67,1
DA:68,0
DA:69,0
DA:70,0
DA:72,0
DA:73,0
DA:93,19
DA:98,19
DA:103,19
DA:108,19
DA:113,19
DA:118,19
DA:123,19
DA:132,4
DA:134,1
DA:135,0
DA:137,1
DA:138,1
DA:139,1
DA:140,1
DA:147,1
DA:148,0
DA:149,0
DA:150,0
DA:157,1
DA:158,0
DA:159,0
DA:161,0
DA:169,1
DA:170,18
DA:171,18
DA:172,18
DA:173,18
DA:174,18
DA:175,18
DA:176,18
DA:177,18
DA:178,18
DA:179,18
DA:180,18
DA:181,18
DA:184,18
DA:185,0
DA:187,18
DA:188,18
DA:198,1
DA:199,18
DA:200,0
DA:202,18
DA:204,0
DA:206,18
DA:207,18
DA:208,18
DA:215,1
DA:216,18
DA:217,18
DA:219,0
DA:220,0
DA:221,0
DA:223,0
DA:231,1
DA:232,0
DA:240,1
DA:241,19
DA:242,1
DA:244,18
DA:245,0
DA:247,18
DA:248,18
DA:249,18
DA:250,18
DA:251,0
DA:252,0
DA:253,0
DA:261,1
DA:262,0
DA:269,1
DA:270,18
DA:271,18
DA:272,18
DA:273,18
DA:274,17
DA:276,18
DA:277,18
DA:285,1
DA:286,0
DA:289,1
DA:290,0
DA:291,0
DA:292,0
DA:294,0
DA:311,2
DA:316,2
DA:321,2
DA:326,2
DA:329,1
DA:336,1
DA:337,0
DA:338,0
DA:340,0
DA:341,0
DA:343,0
DA:345,0
DA:352,18
DA:353,0
DA:355,18
DA:362,18
DA:363,18
DA:364,18
DA:365,0
DA:366,0
DA:367,0
DA:369,0
DA:372,18
DA:380,1
DA:381,1
DA:388,1
DA:389,1
DA:396,1
DA:397,1
DA:407,1
DA:408,17
DA:409,0
DA:411,17
DA:412,17
DA:413,17
DA:415,17
DA:416,17
DA:417,17
DA:418,17
DA:428,1
DA:429,1
DA:430,0
DA:432,1
DA:433,1
DA:434,1
DA:436,1
DA:437,1
DA:438,1
DA:439,1
DA:445,1
DA:446,0
DA:447,0
DA:448,0
DA:449,0
DA:466,17
DA:471,17
DA:476,17
DA:481,17
DA:486,17
DA:491,17
DA:496,17
DA:501,17
DA:506,17
DA:511,17
DA:516,17
DA:519,1
DA:527,4
DA:529,1
DA:530,0
DA:533,1
DA:534,1
DA:535,1
DA:536,1
DA:538,1
DA:551,1
DA:554,17
DA:555,0
DA:557,17
DA:558,17
DA:559,17
DA:560,17
DA:561,17
DA:562,17
DA:563,17
DA:564,17
DA:565,17
DA:566,0
DA:570,1
DA:571,0
DA:574,1
DA:575,0
DA:582,1
DA:583,17
DA:590,1
DA:591,17
DA:593,17
DA:595,0
DA:597,0
DA:599,0
DA:601,0
DA:610,1
DA:611,17
DA:612,17
DA:613,17
DA:615,17
DA:616,0
DA:618,17
DA:619,0
DA:621,17
DA:622,0
DA:624,17
DA:625,0
DA:627,17
DA:628,0
DA:630,17
DA:631,0
DA:633,17
DA:634,0
DA:636,17
DA:637,0
DA:639,17
DA:645,1
DA:646,0
DA:647,0
DA:649,0
DA:653,1
DA:654,1
DA:657,9
DA:658,0
DA:660,9
DA:661,9
DA:662,9
DA:665,0
DA:669,1
DA:670,1
DA:671,1
DA:672,1
DA:673,1
DA:674,1
DA:675,1
DA:676,1
DA:677,1
DA:679,1
DA:680,4525
DA:685,90
DA:686,90
DA:687,4525
DA:688,0
DA:691,90
DA:695,90
DA:696,0
DA:698,90
DA:699,90
DA:700,90
DA:702,0
DA:703,0
DA:704,0
DA:705,0
DA:706,0
DA:707,0
DA:708,0
DA:711,0
DA:714,0
DA:717,1
DA:724,188
DA:727,1
LF:281
LH:192
BRDA:29,0,0,1
BRDA:29,0,1,0
BRDA:43,1,0,0
BRDA:43,1,1,0
BRDA:46,2,0,0
BRDA:46,2,1,0
BRDA:54,3,0,1
BRDA:54,3,1,0
BRDA:54,4,0,1
BRDA:54,4,1,1
BRDA:158,5,0,0
BRDA:158,5,1,0
BRDA:174,6,0,18
BRDA:174,6,1,0
BRDA:178,7,0,18
BRDA:178,7,1,0
BRDA:180,8,0,18
BRDA:180,8,1,0
BRDA:184,9,0,0
BRDA:184,9,1,18
BRDA:199,10,0,0
BRDA:199,10,1,18
BRDA:202,11,0,0
BRDA:202,11,1,18
BRDA:216,12,0,18
BRDA:216,12,1,0
BRDA:219,13,0,0
BRDA:219,13,1,0
BRDA:241,14,0,1
BRDA:241,14,1,18
BRDA:244,15,0,0
BRDA:244,15,1,18
BRDA:244,16,0,18
BRDA:244,16,1,18
BRDA:250,17,0,0
BRDA:250,17,1,18
BRDA:252,18,0,0
BRDA:252,18,1,0
BRDA:252,19,0,0
BRDA:252,19,1,0
BRDA:273,20,0,17
BRDA:273,20,1,1
BRDA:290,21,0,0
BRDA:290,21,1,0
BRDA:338,22,0,0
BRDA:338,22,1,0
BRDA:343,23,0,0
BRDA:343,23,1,0
BRDA:352,24,0,0
BRDA:352,24,1,18
BRDA:364,25,0,0
BRDA:364,25,1,18
BRDA:365,26,0,0
BRDA:365,26,1,0
BRDA:408,27,0,0
BRDA:408,27,1,17
BRDA:412,28,0,17
BRDA:412,28,1,0
BRDA:429,29,0,0
BRDA:429,29,1,1
BRDA:433,30,0,1
BRDA:433,30,1,0
BRDA:447,31,0,0
BRDA:447,31,1,0
BRDA:448,32,0,0
BRDA:448,32,1,0
BRDA:554,33,0,0
BRDA:554,33,1,17
BRDA:561,34,0,0
BRDA:561,34,1,17
BRDA:562,35,0,0
BRDA:562,35,1,17
BRDA:563,36,0,0
BRDA:563,36,1,17
BRDA:564,37,0,0
BRDA:564,37,1,17
BRDA:565,38,0,0
BRDA:565,38,1,17
BRDA:565,39,0,17
BRDA:565,39,1,0
BRDA:591,40,0,17
BRDA:591,40,1,0
BRDA:591,40,2,0
BRDA:591,40,3,0
BRDA:591,40,4,0
BRDA:612,41,0,17
BRDA:612,41,1,0
BRDA:615,42,0,0
BRDA:615,42,1,17
BRDA:618,43,0,0
BRDA:618,43,1,17
BRDA:621,44,0,0
BRDA:621,44,1,17
BRDA:624,45,0,0
BRDA:624,45,1,17
BRDA:627,46,0,0
BRDA:627,46,1,17
BRDA:630,47,0,0
BRDA:630,47,1,17
BRDA:633,48,0,0
BRDA:633,48,1,17
BRDA:636,49,0,0
BRDA:636,49,1,17
BRDA:639,50,0,0
BRDA:639,50,1,17
BRDA:646,51,0,0
BRDA:646,51,1,0
BRDA:657,52,0,0
BRDA:657,52,1,9
BRDA:657,53,0,9
BRDA:657,53,1,9
BRDA:661,54,0,9
BRDA:661,54,1,0
BRDA:687,55,0,0
BRDA:687,55,1,4525
BRDA:695,56,0,0
BRDA:695,56,1,90
BRDA:699,57,0,90
BRDA:699,57,1,0
BRDA:706,58,0,0
BRDA:706,58,1,0
BRDA:724,59,0,188
BRDA:724,59,1,188
BRF:123
BRH:52
end_of_record
TN:
SF:C:\Program Files\JetBrains\IntelliJ IDEA 2021.3\plugins\JavaScriptLanguage\helpers\base-test-reporter\intellij-util.js
FN:7,isString
FN:18,joinList
FNF:2
FNH:2
FNDA:18,isString
FNDA:18,joinList
DA:1,1
DA:8,18
DA:19,18
DA:20,0
DA:22,18
DA:23,0
DA:25,18
DA:26,18
DA:27,18
DA:28,18
DA:29,18
DA:34,18
DA:35,53
DA:36,35
DA:38,53
DA:39,53
DA:40,53
DA:41,53
DA:42,2323
DA:43,2323
DA:44,2323
DA:45,144
DA:47,2323
DA:50,18
DA:53,1
DA:54,1
LF:26
LH:24
BRDA:8,0,0,18
BRDA:8,0,1,17
BRDA:19,1,0,0
BRDA:19,1,1,18
BRDA:22,2,0,0
BRDA:22,2,1,18
BRDA:35,3,0,35
BRDA:35,3,1,18
BRDA:44,4,0,144
BRDA:44,4,1,2179
BRDA:44,5,0,2323
BRDA:44,5,1,2287
BRF:12
BRH:10
end_of_record
TN:
SF:C:\Program Files\JetBrains\IntelliJ IDEA 2021.3\plugins\JavaScriptLanguage\helpers\jest-intellij\lib\jest-intellij-util.js
FN:8,addTestFileNode
FN:12,reportTestFileResults
FN:22,(anonymous_2)
FN:26,(anonymous_3)
FN:32,reportSpecResult
FN:37,(anonymous_5)
FN:52,getFirstElement
FN:56,finishSpecNode
FN:93,normalizeFailureMessageAndStack
FN:109,splitFailureMessageAndStack
FN:111,(anonymous_10)
FN:128,getLocationPath
FN:143,getOutcome
FN:156,warn
FN:171,safeFn
FN:172,(anonymous_15)
FN:188,(anonymous_16)
FN:195,(anonymous_17)
FN:202,(anonymous_18)
FN:206,splitByLines
FN:210,containsExpectedAndActualValues
FNF:21
FNH:2
FNDA:0,addTestFileNode
FNDA:0,reportTestFileResults
FNDA:0,(anonymous_2)
FNDA:0,(anonymous_3)
FNDA:0,reportSpecResult
FNDA:0,(anonymous_5)
FNDA:0,getFirstElement
FNDA:0,finishSpecNode
FNDA:0,normalizeFailureMessageAndStack
FNDA:0,splitFailureMessageAndStack
FNDA:0,(anonymous_10)
FNDA:18,getLocationPath
FNDA:0,getOutcome
FNDA:0,warn
FNDA:0,safeFn
FNDA:0,(anonymous_15)
FNDA:0,(anonymous_16)
FNDA:1,(anonymous_17)
FNDA:0,(anonymous_18)
FNDA:0,splitByLines
FNDA:0,containsExpectedAndActualValues
DA:1,1
DA:2,1
DA:3,1
DA:4,1
DA:5,1
DA:6,1
DA:9,0
DA:13,0
DA:14,0
DA:15,0
DA:16,0
DA:17,0
DA:18,0
DA:19,0
DA:21,0
DA:22,0
DA:23,0
DA:26,0
DA:27,0
DA:29,0
DA:33,0
DA:34,0
DA:36,0
DA:37,0
DA:38,0
DA:39,0
DA:40,0
DA:41,0
DA:42,0
DA:44,0
DA:46,0
DA:47,0
DA:48,0
DA:49,0
DA:53,0
DA:58,0
DA:59,0
DA:60,0
DA:61,0
DA:62,0
DA:63,0
DA:64,0
DA:65,0
DA:66,0
DA:69,0
DA:70,0
DA:71,0
DA:74,0
DA:75,0
DA:76,0
DA:77,0
DA:78,0
DA:82,0
DA:83,0
DA:84,0
DA:86,0
DA:87,0
DA:88,0
DA:90,0
DA:94,0
DA:95,0
DA:96,0
DA:99,0
DA:100,0
DA:101,0
DA:102,0
DA:106,0
DA:110,0
DA:111,0
DA:112,0
DA:113,0
DA:115,0
DA:129,18
DA:130,18
DA:131,17
DA:132,17
DA:134,18
DA:135,18
DA:136,18
DA:144,0
DA:145,0
DA:147,0
DA:148,0
DA:150,0
DA:151,0
DA:153,0
DA:157,0
DA:158,0
DA:159,0
DA:162,0
DA:163,0
DA:172,0
DA:173,0
DA:174,0
DA:176,0
DA:181,1
DA:182,1
DA:183,1
DA:184,1
DA:185,1
DA:186,1
DA:188,1
DA:189,0
DA:190,0
DA:191,0
DA:193,0
DA:195,1
DA:196,1
DA:197,0
DA:200,1
DA:202,1
DA:203,0
DA:207,0
DA:211,0
DA:212,0
DA:213,0
DA:217,0
DA:220,1
DA:221,1
LF:119
LH:26
BRDA:15,0,0,0
BRDA:15,0,1,0
BRDA:15,1,0,0
BRDA:15,1,1,0
BRDA:15,2,0,0
BRDA:15,2,1,0
BRDA:21,3,0,0
BRDA:21,3,1,0
BRDA:33,4,0,0
BRDA:33,4,1,0
BRDA:39,5,0,0
BRDA:39,5,1,0
BRDA:39,6,0,0
BRDA:39,6,1,0
BRDA:53,7,0,0
BRDA:53,7,1,0
BRDA:53,8,0,0
BRDA:53,8,1,0
BRDA:59,9,0,0
BRDA:59,9,1,0
BRDA:64,10,0,0
BRDA:64,10,1,0
BRDA:64,11,0,0
BRDA:64,11,1,0
BRDA:69,12,0,0
BRDA:69,12,1,0
BRDA:70,13,0,0
BRDA:70,13,1,0
BRDA:75,14,0,0
BRDA:75,14,1,0
BRDA:75,15,0,0
BRDA:75,15,1,0
BRDA:83,16,0,0
BRDA:83,16,1,0
BRDA:83,17,0,0
BRDA:83,17,1,0
BRDA:87,18,0,0
BRDA:87,18,1,0
BRDA:94,19,0,0
BRDA:94,19,1,0
BRDA:94,20,0,0
BRDA:94,20,1,0
BRDA:94,20,2,0
BRDA:95,21,0,0
BRDA:95,21,1,0
BRDA:100,22,0,0
BRDA:100,22,1,0
BRDA:112,23,0,0
BRDA:112,23,1,0
BRDA:134,24,0,18
BRDA:134,24,1,0
BRDA:144,25,0,0
BRDA:144,25,1,0
BRDA:147,26,0,0
BRDA:147,26,1,0
BRDA:147,27,0,0
BRDA:147,27,1,0
BRDA:150,28,0,0
BRDA:150,28,1,0
BRDA:190,29,0,0
BRDA:190,29,1,0
BRDA:196,30,0,0
BRDA:196,30,1,1
BRDA:211,31,0,0
BRDA:211,31,1,0
BRDA:213,32,0,0
BRDA:213,32,1,0
BRDA:213,32,2,0
BRF:68
BRH:2
end_of_record
TN:
SF:E:\vinay_workspace\GildedRose\GildedRose-Refactoring-Kata\js-jest\src\gilded_rose.js
FN:2,(anonymous_0)
FN:10,(anonymous_1)
FN:13,(anonymous_2)
FNF:3
FNH:3
FNDA:17,(anonymous_0)
FNDA:17,(anonymous_1)
FNDA:17,(anonymous_2)
DA:3,17
DA:4,17
DA:5,17
DA:11,17
DA:14,17
DA:16,17
DA:17,17
DA:18,15
DA:19,7
DA:20,1
DA:22,6
DA:24,2
DA:26,4
DA:28,2
DA:32,2
DA:35,8
DA:36,2
DA:39,6
DA:40,6
DA:43,6
DA:47,17
DA:51,1
LF:22
LH:22
BRDA:10,0,0,0
BRDA:17,1,0,2
BRDA:17,1,1,15
BRDA:18,2,0,7
BRDA:18,2,1,8
BRDA:19,3,0,1
BRDA:19,3,1,6
BRDA:22,4,0,2
BRDA:22,4,1,4
BRDA:24,5,0,1
BRDA:24,5,1,1
BRDA:26,6,0,2
BRDA:26,6,1,2
BRDA:28,7,0,1
BRDA:28,7,1,1
BRDA:32,8,0,1
BRDA:32,8,1,1
BRDA:35,9,0,2
BRDA:35,9,1,6
BRDA:36,10,0,1
BRDA:36,10,1,1
BRDA:39,11,0,4
BRDA:39,11,1,2
BRDA:40,12,0,2
BRDA:40,12,1,4
BRDA:43,13,0,4
BRDA:43,13,1,2
BRF:27
BRH:26
end_of_record
